[20Dec2024 00:00:09.529] [Server thread/INFO] [net.minecraft.server.network.ServerGamePacketListenerImpl/]: ClinicaSanPablo lost connection: Disconnected
[20Dec2024 00:00:09.533] [Server thread/INFO] [net.minecraft.server.MinecraftServer/]: ClinicaSanPablo left the game
[20Dec2024 00:02:37.479] [Server thread/INFO] [net.minecraft.server.MinecraftServer/]: [Rebondrake5556: Set own game mode to Creative Mode]
[20Dec2024 00:02:53.729] [Server thread/INFO] [net.minecraft.server.MinecraftServer/]: [Rebondrake5556: Set own game mode to Spectator Mode]
[20Dec2024 00:03:06.983] [Server thread/INFO] [net.minecraft.server.MinecraftServer/]: [Rebondrake5556: Set own game mode to Creative Mode]
[20Dec2024 00:03:10.744] [Server thread/INFO] [net.minecraft.server.MinecraftServer/]: [Rebondrake5556: Set own game mode to Spectator Mode]
[20Dec2024 00:03:13.128] [Server thread/INFO] [net.minecraft.server.MinecraftServer/]: [Rebondrake5556: Set own game mode to Creative Mode]
[20Dec2024 00:03:14.441] [Server thread/INFO] [net.minecraft.server.MinecraftServer/]: [Rebondrake5556: Set own game mode to Survival Mode]
[20Dec2024 00:03:15.378] [Server thread/INFO] [net.minecraft.server.MinecraftServer/]: [Rebondrake5556: Set own game mode to Spectator Mode]
[20Dec2024 00:03:16.882] [Server thread/INFO] [net.minecraft.server.MinecraftServer/]: [Rebondrake5556: Set own game mode to Survival Mode]
[20Dec2024 00:03:17.556] [Server thread/INFO] [net.minecraft.server.MinecraftServer/]: [Rebondrake5556: Set own game mode to Spectator Mode]
[20Dec2024 00:03:27.879] [Server thread/INFO] [net.minecraft.server.MinecraftServer/]: [Rebondrake5556: Set own game mode to Survival Mode]
[20Dec2024 00:03:29.479] [Server thread/INFO] [net.minecraft.server.MinecraftServer/]: [Rebondrake5556: Set own game mode to Spectator Mode]
[20Dec2024 00:03:36.930] [Server thread/INFO] [net.minecraft.server.MinecraftServer/]: [Rebondrake5556: Set own game mode to Survival Mode]
[20Dec2024 00:03:37.840] [Server thread/INFO] [net.minecraft.server.MinecraftServer/]: [Rebondrake5556: Set own game mode to Spectator Mode]
[20Dec2024 00:04:19.729] [Server thread/INFO] [hordes/]: [net.smileycorp.hordes.hordeevent.capability.HordeEvent@54fbf98a]Trying to start horde event on day 10 with nextDay 10 and time 18000
[20Dec2024 00:04:19.730] [Server thread/INFO] [hordes/]: Applying script hordes:default for event net.smileycorp.hordes.common.event.HordeBuildSpawnDataEvent@280d08cc
[20Dec2024 00:04:19.730] [Server thread/INFO] [hordes/]: Adding entry HordeSpawnEntry[type=entity.minecraft.zombie,weight=35,minDay=0,maxDay=20] to hordespawn on day 6
[20Dec2024 00:04:19.730] [Server thread/INFO] [hordes/]: Adding entry HordeSpawnEntry[type=entity.minecraft.zombie_villager,weight=1,minDay=0,maxDay=20] to hordespawn on day 6
[20Dec2024 00:04:19.776] [Server thread/INFO] [hordes/]: Adding entry HordeSpawnEntry[type=entity.minecraft.zombie,weight=35,minDay=0,maxDay=20] to hordespawn on day 10
[20Dec2024 00:04:19.776] [Server thread/INFO] [hordes/]: Adding entry HordeSpawnEntry[type=entity.minecraft.zombie_villager,weight=1,minDay=0,maxDay=20] to hordespawn on day 10
[20Dec2024 00:04:19.823] [Server thread/WARN] [net.minecraft.world.entity.LivingEntity/]: Unable to add mob to team "zombie_" (that team probably doesn't exist)
[20Dec2024 00:04:19.824] [Server thread/WARN] [net.minecraft.world.entity.LivingEntity/]: Unable to add mob to team "zombie_" (that team probably doesn't exist)
[20Dec2024 00:04:20.622] [Server thread/WARN] [net.minecraft.world.entity.LivingEntity/]: Unable to add mob to team "zombie_" (that team probably doesn't exist)
[20Dec2024 00:04:21.622] [Server thread/WARN] [net.minecraft.world.entity.LivingEntity/]: Unable to add mob to team "zombie_" (that team probably doesn't exist)
[20Dec2024 00:04:22.623] [Server thread/WARN] [net.minecraft.world.entity.LivingEntity/]: Unable to add mob to team "zombie_" (that team probably doesn't exist)
[20Dec2024 00:04:23.623] [Server thread/WARN] [net.minecraft.world.entity.LivingEntity/]: Unable to add mob to team "zombie_" (that team probably doesn't exist)
[20Dec2024 00:04:24.623] [Server thread/WARN] [net.minecraft.world.entity.LivingEntity/]: Unable to add mob to team "zombie_" (that team probably doesn't exist)
[20Dec2024 00:04:24.624] [Server thread/WARN] [net.minecraft.world.entity.LivingEntity/]: Unable to add mob to team "zombie_" (that team probably doesn't exist)
[20Dec2024 00:04:25.624] [Server thread/WARN] [net.minecraft.world.entity.LivingEntity/]: Unable to add mob to team "zombie_" (that team probably doesn't exist)
[20Dec2024 00:04:26.624] [Server thread/WARN] [net.minecraft.world.entity.LivingEntity/]: Unable to add mob to team "zombie_" (that team probably doesn't exist)
[20Dec2024 00:04:26.626] [Server thread/WARN] [net.minecraft.world.entity.LivingEntity/]: Unable to add mob to team "zombie_" (that team probably doesn't exist)
[20Dec2024 00:04:27.625] [Server thread/WARN] [net.minecraft.world.entity.LivingEntity/]: Unable to add mob to team "zombie_" (that team probably doesn't exist)
[20Dec2024 00:04:27.626] [Server thread/WARN] [net.minecraft.world.entity.LivingEntity/]: Unable to add mob to team "zombie_" (that team probably doesn't exist)
[20Dec2024 00:04:28.623] [Server thread/WARN] [net.minecraft.world.entity.LivingEntity/]: Unable to add mob to team "zombie_" (that team probably doesn't exist)
[20Dec2024 00:04:29.632] [Server thread/WARN] [net.minecraft.world.entity.LivingEntity/]: Unable to add mob to team "zombie_" (that team probably doesn't exist)
[20Dec2024 00:04:29.633] [Server thread/WARN] [net.minecraft.world.entity.LivingEntity/]: Unable to add mob to team "zombie_" (that team probably doesn't exist)
[20Dec2024 00:04:30.625] [Server thread/WARN] [net.minecraft.world.entity.LivingEntity/]: Unable to add mob to team "zombie_" (that team probably doesn't exist)
[20Dec2024 00:04:31.624] [Server thread/WARN] [net.minecraft.world.entity.LivingEntity/]: Unable to add mob to team "zombie_" (that team probably doesn't exist)
[20Dec2024 00:04:32.624] [Server thread/WARN] [net.minecraft.world.entity.LivingEntity/]: Unable to add mob to team "zombie_" (that team probably doesn't exist)
[20Dec2024 00:04:32.625] [Server thread/WARN] [net.minecraft.world.entity.LivingEntity/]: Unable to add mob to team "zombie_" (that team probably doesn't exist)
[20Dec2024 00:04:33.626] [Server thread/WARN] [net.minecraft.world.entity.LivingEntity/]: Unable to add mob to team "zombie_" (that team probably doesn't exist)
[20Dec2024 00:04:33.627] [Server thread/WARN] [net.minecraft.world.entity.LivingEntity/]: Unable to add mob to team "zombie_" (that team probably doesn't exist)
[20Dec2024 00:04:34.625] [Server thread/WARN] [net.minecraft.world.entity.LivingEntity/]: Unable to add mob to team "zombie_" (that team probably doesn't exist)
[20Dec2024 00:04:34.626] [Server thread/WARN] [net.minecraft.world.entity.LivingEntity/]: Unable to add mob to team "zombie_" (that team probably doesn't exist)
[20Dec2024 00:04:35.633] [Server thread/WARN] [net.minecraft.world.entity.LivingEntity/]: Unable to add mob to team "zombie_" (that team probably doesn't exist)
[20Dec2024 00:04:35.634] [Server thread/WARN] [net.minecraft.world.entity.LivingEntity/]: Unable to add mob to team "zombie_" (that team probably doesn't exist)
[20Dec2024 00:04:36.628] [Server thread/WARN] [net.minecraft.world.entity.LivingEntity/]: Unable to add mob to team "zombie_" (that team probably doesn't exist)
[20Dec2024 00:04:36.630] [Server thread/WARN] [net.minecraft.world.entity.LivingEntity/]: Unable to add mob to team "zombie_" (that team probably doesn't exist)
[20Dec2024 00:04:37.627] [Server thread/WARN] [net.minecraft.world.entity.LivingEntity/]: Unable to add mob to team "zombie_" (that team probably doesn't exist)
[20Dec2024 00:04:37.629] [Server thread/WARN] [net.minecraft.world.entity.LivingEntity/]: Unable to add mob to team "zombie_" (that team probably doesn't exist)
[20Dec2024 00:04:37.630] [Server thread/WARN] [net.minecraft.world.entity.LivingEntity/]: Unable to add mob to team "zombie_" (that team probably doesn't exist)
[20Dec2024 00:04:38.627] [Server thread/WARN] [net.minecraft.world.entity.LivingEntity/]: Unable to add mob to team "zombie_" (that team probably doesn't exist)
[20Dec2024 00:04:38.628] [Server thread/WARN] [net.minecraft.world.entity.LivingEntity/]: Unable to add mob to team "zombie_" (that team probably doesn't exist)
[20Dec2024 00:04:39.642] [Server thread/WARN] [net.minecraft.world.entity.LivingEntity/]: Unable to add mob to team "zombie_" (that team probably doesn't exist)
[20Dec2024 00:04:39.643] [Server thread/WARN] [net.minecraft.world.entity.LivingEntity/]: Unable to add mob to team "zombie_" (that team probably doesn't exist)
[20Dec2024 00:04:39.644] [Server thread/WARN] [net.minecraft.world.entity.LivingEntity/]: Unable to add mob to team "zombie_" (that team probably doesn't exist)
[20Dec2024 00:04:40.626] [Server thread/WARN] [net.minecraft.world.entity.LivingEntity/]: Unable to add mob to team "zombie_" (that team probably doesn't exist)
[20Dec2024 00:04:40.628] [Server thread/WARN] [net.minecraft.world.entity.LivingEntity/]: Unable to add mob to team "zombie_" (that team probably doesn't exist)
[20Dec2024 00:04:41.628] [Server thread/WARN] [net.minecraft.world.entity.LivingEntity/]: Unable to add mob to team "zombie_" (that team probably doesn't exist)
[20Dec2024 00:04:41.629] [Server thread/WARN] [net.minecraft.world.entity.LivingEntity/]: Unable to add mob to team "zombie_" (that team probably doesn't exist)
[20Dec2024 00:04:41.630] [Server thread/WARN] [net.minecraft.world.entity.LivingEntity/]: Unable to add mob to team "zombie_" (that team probably doesn't exist)
[20Dec2024 00:04:41.807] [Server thread/INFO] [net.minecraft.world.entity.npc.Villager/]: Villager Villager['pablo'/198097, l='ServerLevel[World]', x=2508.25, y=79.94, z=-4360.25] died, message: 'pablo was slain by Zombie'
[20Dec2024 00:04:41.868] [Server thread/INFO] [net.minecraft.world.entity.npc.Villager/]: Villager Villager['Villager'/198093, l='ServerLevel[World]', x=2510.50, y=79.94, z=-4360.70] died, message: 'Villager was slain by Zombie'
[20Dec2024 00:04:43.227] [Server thread/WARN] [net.minecraft.world.entity.LivingEntity/]: Unable to add mob to team "zombie_" (that team probably doesn't exist)
[20Dec2024 00:04:43.228] [Server thread/WARN] [net.minecraft.world.entity.LivingEntity/]: Unable to add mob to team "zombie_" (that team probably doesn't exist)
[20Dec2024 00:04:43.229] [Server thread/WARN] [net.minecraft.world.entity.LivingEntity/]: Unable to add mob to team "zombie_" (that team probably doesn't exist)
[20Dec2024 00:04:43.611] [Server thread/INFO] [net.minecraft.world.entity.npc.Villager/]: Villager Villager['Villager'/198100, l='ServerLevel[World]', x=2511.12, y=79.94, z=-4360.70] died, message: 'Villager was slain by Zombie'
[20Dec2024 00:04:44.676] [Server thread/WARN] [net.minecraft.world.entity.LivingEntity/]: Unable to add mob to team "zombie_" (that team probably doesn't exist)
[20Dec2024 00:04:44.677] [Server thread/WARN] [net.minecraft.world.entity.LivingEntity/]: Unable to add mob to team "zombie_" (that team probably doesn't exist)
[20Dec2024 00:04:44.678] [Server thread/WARN] [net.minecraft.world.entity.LivingEntity/]: Unable to add mob to team "zombie_" (that team probably doesn't exist)
[20Dec2024 00:04:44.829] [Server thread/INFO] [net.minecraft.world.entity.npc.Villager/]: Villager Villager['Villager'/198098, l='ServerLevel[World]', x=2511.89, y=79.94, z=-4360.85] died, message: 'Villager was slain by Zombie'
[20Dec2024 00:04:45.033] [Server thread/INFO] [net.minecraft.world.entity.npc.Villager/]: Villager Villager['Villager'/198094, l='ServerLevel[World]', x=2508.75, y=80.00, z=-4360.70] died, message: 'Villager was slain by pablo'
[20Dec2024 00:04:45.770] [Server thread/WARN] [net.minecraft.world.entity.LivingEntity/]: Unable to add mob to team "zombie_" (that team probably doesn't exist)
[20Dec2024 00:04:45.771] [Server thread/WARN] [net.minecraft.world.entity.LivingEntity/]: Unable to add mob to team "zombie_" (that team probably doesn't exist)
[20Dec2024 00:04:45.772] [Server thread/WARN] [net.minecraft.world.entity.LivingEntity/]: Unable to add mob to team "zombie_" (that team probably doesn't exist)
[20Dec2024 00:04:46.873] [Server thread/WARN] [net.minecraft.world.entity.LivingEntity/]: Unable to add mob to team "zombie_" (that team probably doesn't exist)
[20Dec2024 00:04:46.874] [Server thread/WARN] [net.minecraft.world.entity.LivingEntity/]: Unable to add mob to team "zombie_" (that team probably doesn't exist)
[20Dec2024 00:04:46.875] [Server thread/WARN] [net.minecraft.world.entity.LivingEntity/]: Unable to add mob to team "zombie_" (that team probably doesn't exist)
[20Dec2024 00:04:48.477] [Server thread/WARN] [net.minecraft.world.entity.LivingEntity/]: Unable to add mob to team "zombie_" (that team probably doesn't exist)
[20Dec2024 00:04:48.478] [Server thread/WARN] [net.minecraft.world.entity.LivingEntity/]: Unable to add mob to team "zombie_" (that team probably doesn't exist)
[20Dec2024 00:04:48.805] [Server thread/WARN] [net.minecraft.server.MinecraftServer/]: Can't keep up! Is the server overloaded? Running 2038ms or 40 ticks behind
[20Dec2024 00:04:50.188] [Server thread/INFO] [net.minecraft.world.entity.npc.Villager/]: Villager Villager['Villager'/198095, l='ServerLevel[World]', x=2513.56, y=80.00, z=-4360.00] died, message: 'Villager was slain by Zombie'
[20Dec2024 00:04:50.324] [Server thread/WARN] [net.minecraft.world.entity.LivingEntity/]: Unable to add mob to team "zombie_" (that team probably doesn't exist)
[20Dec2024 00:04:50.325] [Server thread/WARN] [net.minecraft.world.entity.LivingEntity/]: Unable to add mob to team "zombie_" (that team probably doesn't exist)
[20Dec2024 00:04:50.326] [Server thread/WARN] [net.minecraft.world.entity.LivingEntity/]: Unable to add mob to team "zombie_" (that team probably doesn't exist)
[20Dec2024 00:04:50.374] [Server thread/INFO] [net.minecraft.world.entity.npc.Villager/]: Villager Villager['Farmer'/198096, l='ServerLevel[World]', x=2506.80, y=80.00, z=-4360.57] died, message: 'Farmer was slain by Zombie Villager'
[20Dec2024 00:04:50.763] [Server thread/INFO] [net.minecraft.world.entity.npc.Villager/]: Villager Villager['Villager'/198099, l='ServerLevel[World]', x=2511.49, y=79.94, z=-4360.70] died, message: 'Villager was slain by Zombie'
[20Dec2024 00:04:51.926] [Server thread/WARN] [net.minecraft.world.entity.LivingEntity/]: Unable to add mob to team "zombie_" (that team probably doesn't exist)
[20Dec2024 00:04:51.927] [Server thread/WARN] [net.minecraft.world.entity.LivingEntity/]: Unable to add mob to team "zombie_" (that team probably doesn't exist)
[20Dec2024 00:04:51.928] [Server thread/WARN] [net.minecraft.world.entity.LivingEntity/]: Unable to add mob to team "zombie_" (that team probably doesn't exist)
[20Dec2024 00:04:53.448] [Server thread/WARN] [net.minecraft.world.entity.LivingEntity/]: Unable to add mob to team "zombie_" (that team probably doesn't exist)
[20Dec2024 00:04:53.449] [Server thread/WARN] [net.minecraft.world.entity.LivingEntity/]: Unable to add mob to team "zombie_" (that team probably doesn't exist)
[20Dec2024 00:04:53.450] [Server thread/WARN] [net.minecraft.world.entity.LivingEntity/]: Unable to add mob to team "zombie_" (that team probably doesn't exist)
[20Dec2024 00:04:54.887] [Server thread/WARN] [net.minecraft.world.entity.LivingEntity/]: Unable to add mob to team "zombie_" (that team probably doesn't exist)
[20Dec2024 00:04:54.889] [Server thread/WARN] [net.minecraft.world.entity.LivingEntity/]: Unable to add mob to team "zombie_" (that team probably doesn't exist)
[20Dec2024 00:04:54.890] [Server thread/WARN] [net.minecraft.world.entity.LivingEntity/]: Unable to add mob to team "zombie_" (that team probably doesn't exist)
[20Dec2024 00:04:56.406] [Server thread/WARN] [net.minecraft.world.entity.LivingEntity/]: Unable to add mob to team "zombie_" (that team probably doesn't exist)
[20Dec2024 00:04:56.407] [Server thread/WARN] [net.minecraft.world.entity.LivingEntity/]: Unable to add mob to team "zombie_" (that team probably doesn't exist)
[20Dec2024 00:04:56.408] [Server thread/WARN] [net.minecraft.world.entity.LivingEntity/]: Unable to add mob to team "zombie_" (that team probably doesn't exist)
[20Dec2024 00:04:58.503] [Server thread/WARN] [net.minecraft.world.entity.LivingEntity/]: Unable to add mob to team "zombie_" (that team probably doesn't exist)
[20Dec2024 00:04:58.504] [Server thread/WARN] [net.minecraft.world.entity.LivingEntity/]: Unable to add mob to team "zombie_" (that team probably doesn't exist)
[20Dec2024 00:05:00.718] [Server thread/WARN] [net.minecraft.world.entity.LivingEntity/]: Unable to add mob to team "zombie_" (that team probably doesn't exist)
[20Dec2024 00:05:00.720] [Server thread/WARN] [net.minecraft.world.entity.LivingEntity/]: Unable to add mob to team "zombie_" (that team probably doesn't exist)
[20Dec2024 00:05:00.722] [Server thread/WARN] [net.minecraft.world.entity.LivingEntity/]: Unable to add mob to team "zombie_" (that team probably doesn't exist)
[20Dec2024 00:05:03.253] [Server thread/WARN] [net.minecraft.world.entity.LivingEntity/]: Unable to add mob to team "zombie_" (that team probably doesn't exist)
[20Dec2024 00:05:03.255] [Server thread/WARN] [net.minecraft.world.entity.LivingEntity/]: Unable to add mob to team "zombie_" (that team probably doesn't exist)
[20Dec2024 00:05:03.256] [Server thread/WARN] [net.minecraft.world.entity.LivingEntity/]: Unable to add mob to team "zombie_" (that team probably doesn't exist)
[20Dec2024 00:05:05.690] [Server thread/WARN] [net.minecraft.world.entity.LivingEntity/]: Unable to add mob to team "zombie_" (that team probably doesn't exist)
[20Dec2024 00:05:05.691] [Server thread/WARN] [net.minecraft.world.entity.LivingEntity/]: Unable to add mob to team "zombie_" (that team probably doesn't exist)
[20Dec2024 00:05:05.692] [Server thread/WARN] [net.minecraft.world.entity.LivingEntity/]: Unable to add mob to team "zombie_" (that team probably doesn't exist)
[20Dec2024 00:05:08.178] [Server thread/WARN] [net.minecraft.world.entity.LivingEntity/]: Unable to add mob to team "zombie_" (that team probably doesn't exist)
[20Dec2024 00:05:08.179] [Server thread/WARN] [net.minecraft.world.entity.LivingEntity/]: Unable to add mob to team "zombie_" (that team probably doesn't exist)
[20Dec2024 00:05:08.180] [Server thread/WARN] [net.minecraft.world.entity.LivingEntity/]: Unable to add mob to team "zombie_" (that team probably doesn't exist)
[20Dec2024 00:05:10.166] [Server thread/WARN] [net.minecraft.world.entity.LivingEntity/]: Unable to add mob to team "zombie_" (that team probably doesn't exist)
[20Dec2024 00:05:10.167] [Server thread/WARN] [net.minecraft.world.entity.LivingEntity/]: Unable to add mob to team "zombie_" (that team probably doesn't exist)
[20Dec2024 00:05:10.168] [Server thread/WARN] [net.minecraft.world.entity.LivingEntity/]: Unable to add mob to team "zombie_" (that team probably doesn't exist)
[20Dec2024 00:05:11.980] [Server thread/WARN] [net.minecraft.world.entity.LivingEntity/]: Unable to add mob to team "zombie_" (that team probably doesn't exist)
[20Dec2024 00:05:11.981] [Server thread/WARN] [net.minecraft.world.entity.LivingEntity/]: Unable to add mob to team "zombie_" (that team probably doesn't exist)
[20Dec2024 00:05:14.966] [Server thread/WARN] [net.minecraft.world.entity.LivingEntity/]: Unable to add mob to team "zombie_" (that team probably doesn't exist)
[20Dec2024 00:05:14.968] [Server thread/WARN] [net.minecraft.world.entity.LivingEntity/]: Unable to add mob to team "zombie_" (that team probably doesn't exist)
[20Dec2024 00:05:14.969] [Server thread/WARN] [net.minecraft.world.entity.LivingEntity/]: Unable to add mob to team "zombie_" (that team probably doesn't exist)
[20Dec2024 00:05:17.643] [Server thread/WARN] [net.minecraft.world.entity.LivingEntity/]: Unable to add mob to team "zombie_" (that team probably doesn't exist)
[20Dec2024 00:05:17.644] [Server thread/WARN] [net.minecraft.world.entity.LivingEntity/]: Unable to add mob to team "zombie_" (that team probably doesn't exist)
[20Dec2024 00:05:17.645] [Server thread/WARN] [net.minecraft.world.entity.LivingEntity/]: Unable to add mob to team "zombie_" (that team probably doesn't exist)
[20Dec2024 00:05:20.498] [Server thread/WARN] [net.minecraft.world.entity.LivingEntity/]: Unable to add mob to team "zombie_" (that team probably doesn't exist)
[20Dec2024 00:05:20.500] [Server thread/WARN] [net.minecraft.world.entity.LivingEntity/]: Unable to add mob to team "zombie_" (that team probably doesn't exist)
[20Dec2024 00:05:21.125] [Server thread/WARN] [net.minecraft.server.MinecraftServer/]: Can't keep up! Is the server overloaded? Running 17359ms or 347 ticks behind
[20Dec2024 00:05:21.315] [Server thread/INFO] [net.minecraft.server.MinecraftServer/]: [Rebondrake5556: Set own game mode to Survival Mode]
[20Dec2024 00:05:22.537] [Server thread/INFO] [net.minecraft.server.MinecraftServer/]: [Rebondrake5556: Set own game mode to Spectator Mode]
[20Dec2024 00:05:22.540] [Server thread/WARN] [net.minecraft.server.network.ServerGamePacketListenerImpl/]: Rebondrake5556 moved too quickly! 0.0,-10.856489120741116,0.0
[20Dec2024 00:05:22.823] [Server thread/WARN] [net.minecraft.world.entity.LivingEntity/]: Unable to add mob to team "zombie_" (that team probably doesn't exist)
[20Dec2024 00:05:23.939] [Server thread/WARN] [net.minecraft.world.entity.LivingEntity/]: Unable to add mob to team "zombie_" (that team probably doesn't exist)
[20Dec2024 00:05:23.940] [Server thread/WARN] [net.minecraft.world.entity.LivingEntity/]: Unable to add mob to team "zombie_" (that team probably doesn't exist)
[20Dec2024 00:05:24.120] [Server thread/INFO] [net.minecraft.server.MinecraftServer/]: [Rebondrake5556: Set own game mode to Survival Mode]
[20Dec2024 00:05:25.290] [Server thread/WARN] [net.minecraft.world.entity.LivingEntity/]: Unable to add mob to team "zombie_" (that team probably doesn't exist)
[20Dec2024 00:05:25.868] [Server thread/INFO] [net.minecraft.server.MinecraftServer/]: [Rebondrake5556: Set own game mode to Spectator Mode]
[20Dec2024 00:05:27.081] [Server thread/WARN] [net.minecraft.world.entity.LivingEntity/]: Unable to add mob to team "zombie_" (that team probably doesn't exist)
[20Dec2024 00:05:27.082] [Server thread/WARN] [net.minecraft.world.entity.LivingEntity/]: Unable to add mob to team "zombie_" (that team probably doesn't exist)
[20Dec2024 00:05:27.083] [Server thread/WARN] [net.minecraft.world.entity.LivingEntity/]: Unable to add mob to team "zombie_" (that team probably doesn't exist)
[20Dec2024 00:05:29.644] [Server thread/WARN] [net.minecraft.world.entity.LivingEntity/]: Unable to add mob to team "zombie_" (that team probably doesn't exist)
[20Dec2024 00:05:29.760] [Server thread/WARN] [net.minecraft.world.entity.LivingEntity/]: Unable to add mob to team "zombie_" (that team probably doesn't exist)
[20Dec2024 00:05:29.761] [Server thread/WARN] [net.minecraft.world.entity.LivingEntity/]: Unable to add mob to team "zombie_" (that team probably doesn't exist)
[20Dec2024 00:05:29.763] [Server thread/WARN] [net.minecraft.world.entity.LivingEntity/]: Unable to add mob to team "zombie_" (that team probably doesn't exist)
[20Dec2024 00:05:33.208] [Server thread/WARN] [net.minecraft.world.entity.LivingEntity/]: Unable to add mob to team "zombie_" (that team probably doesn't exist)
[20Dec2024 00:05:33.209] [Server thread/WARN] [net.minecraft.world.entity.LivingEntity/]: Unable to add mob to team "zombie_" (that team probably doesn't exist)
[20Dec2024 00:05:33.210] [Server thread/WARN] [net.minecraft.world.entity.LivingEntity/]: Unable to add mob to team "zombie_" (that team probably doesn't exist)
[20Dec2024 00:05:33.649] [Server thread/INFO] [net.minecraft.server.MinecraftServer/]: [Rebondrake5556: Set own game mode to Survival Mode]
[20Dec2024 00:05:36.009] [Server thread/INFO] [net.minecraft.server.MinecraftServer/]: [Rebondrake5556: Set own game mode to Spectator Mode]
[20Dec2024 00:05:37.066] [Server thread/WARN] [net.minecraft.world.entity.LivingEntity/]: Unable to add mob to team "zombie_" (that team probably doesn't exist)
[20Dec2024 00:05:37.067] [Server thread/WARN] [net.minecraft.world.entity.LivingEntity/]: Unable to add mob to team "zombie_" (that team probably doesn't exist)
[20Dec2024 00:05:37.068] [Server thread/WARN] [net.minecraft.world.entity.LivingEntity/]: Unable to add mob to team "zombie_" (that team probably doesn't exist)
[20Dec2024 00:05:37.069] [Server thread/WARN] [net.minecraft.world.entity.LivingEntity/]: Unable to add mob to team "zombie_" (that team probably doesn't exist)
[20Dec2024 00:05:40.578] [Server thread/INFO] [net.minecraft.server.MinecraftServer/]: [Rebondrake5556: Set own game mode to Creative Mode]
[20Dec2024 00:05:41.235] [Server thread/WARN] [net.minecraft.world.entity.LivingEntity/]: Unable to add mob to team "zombie_" (that team probably doesn't exist)
[20Dec2024 00:05:41.236] [Server thread/WARN] [net.minecraft.world.entity.LivingEntity/]: Unable to add mob to team "zombie_" (that team probably doesn't exist)
[20Dec2024 00:05:41.237] [Server thread/WARN] [net.minecraft.world.entity.LivingEntity/]: Unable to add mob to team "zombie_" (that team probably doesn't exist)
[20Dec2024 00:05:41.238] [Server thread/WARN] [net.minecraft.world.entity.LivingEntity/]: Unable to add mob to team "zombie_" (that team probably doesn't exist)
[20Dec2024 00:05:41.239] [Server thread/WARN] [net.minecraft.world.entity.LivingEntity/]: Unable to add mob to team "zombie_" (that team probably doesn't exist)
[20Dec2024 00:05:41.240] [Server thread/WARN] [net.minecraft.world.entity.LivingEntity/]: Unable to add mob to team "zombie_" (that team probably doesn't exist)
[20Dec2024 00:05:43.266] [Server thread/WARN] [scguns/]: literal{Rebondrake5556}(6247ac24-69ce-3cb3-8456-4b77c1b1a6cf) tried to fire before cooldown finished or server is lagging? Remaining milliseconds: 102
[20Dec2024 00:05:44.669] [Server thread/WARN] [scguns/]: literal{Rebondrake5556}(6247ac24-69ce-3cb3-8456-4b77c1b1a6cf) tried to fire before cooldown finished or server is lagging? Remaining milliseconds: 245
[20Dec2024 00:05:44.838] [Server thread/WARN] [scguns/]: literal{Rebondrake5556}(6247ac24-69ce-3cb3-8456-4b77c1b1a6cf) tried to fire before cooldown finished or server is lagging? Remaining milliseconds: 76
[20Dec2024 00:05:45.473] [Server thread/WARN] [net.minecraft.world.entity.LivingEntity/]: Unable to add mob to team "zombie_" (that team probably doesn't exist)
[20Dec2024 00:05:45.474] [Server thread/WARN] [net.minecraft.world.entity.LivingEntity/]: Unable to add mob to team "zombie_" (that team probably doesn't exist)
[20Dec2024 00:05:45.475] [Server thread/WARN] [net.minecraft.world.entity.LivingEntity/]: Unable to add mob to team "zombie_" (that team probably doesn't exist)
[20Dec2024 00:05:45.476] [Server thread/WARN] [net.minecraft.world.entity.LivingEntity/]: Unable to add mob to team "zombie_" (that team probably doesn't exist)
[20Dec2024 00:05:45.477] [Server thread/WARN] [net.minecraft.world.entity.LivingEntity/]: Unable to add mob to team "zombie_" (that team probably doesn't exist)
[20Dec2024 00:05:45.479] [Server thread/WARN] [net.minecraft.world.entity.LivingEntity/]: Unable to add mob to team "zombie_" (that team probably doesn't exist)
[20Dec2024 00:05:45.480] [Server thread/WARN] [net.minecraft.world.entity.LivingEntity/]: Unable to add mob to team "zombie_" (that team probably doesn't exist)
[20Dec2024 00:05:46.615] [Server thread/WARN] [scguns/]: literal{Rebondrake5556}(6247ac24-69ce-3cb3-8456-4b77c1b1a6cf) tried to fire before cooldown finished or server is lagging? Remaining milliseconds: 245
[20Dec2024 00:05:46.620] [Server thread/WARN] [scguns/]: literal{Rebondrake5556}(6247ac24-69ce-3cb3-8456-4b77c1b1a6cf) tried to fire before cooldown finished or server is lagging? Remaining milliseconds: 240
[20Dec2024 00:05:46.652] [Server thread/WARN] [net.minecraft.world.entity.LivingEntity/]: Unable to add mob to team "zombie_" (that team probably doesn't exist)
[20Dec2024 00:05:48.707] [Server thread/WARN] [scguns/]: literal{Rebondrake5556}(6247ac24-69ce-3cb3-8456-4b77c1b1a6cf) tried to fire before cooldown finished or server is lagging? Remaining milliseconds: 238
[20Dec2024 00:05:50.868] [Server thread/WARN] [scguns/]: literal{Rebondrake5556}(6247ac24-69ce-3cb3-8456-4b77c1b1a6cf) tried to fire before cooldown finished or server is lagging? Remaining milliseconds: 245
[20Dec2024 00:05:50.873] [Server thread/WARN] [scguns/]: literal{Rebondrake5556}(6247ac24-69ce-3cb3-8456-4b77c1b1a6cf) tried to fire before cooldown finished or server is lagging? Remaining milliseconds: 240
[20Dec2024 00:05:50.917] [Server thread/WARN] [net.minecraft.world.entity.LivingEntity/]: Unable to add mob to team "zombie_" (that team probably doesn't exist)
[20Dec2024 00:05:51.657] [Server thread/WARN] [net.minecraft.world.entity.LivingEntity/]: Unable to add mob to team "zombie_" (that team probably doesn't exist)
[20Dec2024 00:05:51.658] [Server thread/WARN] [net.minecraft.world.entity.LivingEntity/]: Unable to add mob to team "zombie_" (that team probably doesn't exist)
[20Dec2024 00:05:51.659] [Server thread/WARN] [net.minecraft.world.entity.LivingEntity/]: Unable to add mob to team "zombie_" (that team probably doesn't exist)
[20Dec2024 00:05:51.661] [Server thread/WARN] [net.minecraft.world.entity.LivingEntity/]: Unable to add mob to team "zombie_" (that team probably doesn't exist)
[20Dec2024 00:05:51.662] [Server thread/WARN] [net.minecraft.world.entity.LivingEntity/]: Unable to add mob to team "zombie_" (that team probably doesn't exist)
[20Dec2024 00:05:51.663] [Server thread/WARN] [net.minecraft.world.entity.LivingEntity/]: Unable to add mob to team "zombie_" (that team probably doesn't exist)
[20Dec2024 00:05:51.664] [Server thread/WARN] [net.minecraft.world.entity.LivingEntity/]: Unable to add mob to team "zombie_" (that team probably doesn't exist)
[20Dec2024 00:05:51.665] [Server thread/WARN] [net.minecraft.world.entity.LivingEntity/]: Unable to add mob to team "zombie_" (that team probably doesn't exist)
[20Dec2024 00:05:51.666] [Server thread/WARN] [net.minecraft.world.entity.LivingEntity/]: Unable to add mob to team "zombie_" (that team probably doesn't exist)
[20Dec2024 00:05:52.660] [Server thread/INFO] [hordes/]: Adding entry HordeSpawnEntry[type=entity.minecraft.zombie,weight=35,minDay=0,maxDay=20] to hordespawn on day 10
[20Dec2024 00:05:52.660] [Server thread/INFO] [hordes/]: Adding entry HordeSpawnEntry[type=entity.minecraft.zombie_villager,weight=1,minDay=0,maxDay=20] to hordespawn on day 10
[20Dec2024 00:05:52.749] [Server thread/WARN] [net.minecraft.world.entity.LivingEntity/]: Unable to add mob to team "zombie_" (that team probably doesn't exist)
[20Dec2024 00:05:52.749] [Server thread/WARN] [net.minecraft.world.entity.LivingEntity/]: Unable to add mob to team "zombie_" (that team probably doesn't exist)
[20Dec2024 00:05:53.338] [Server thread/WARN] [scguns/]: literal{Rebondrake5556}(6247ac24-69ce-3cb3-8456-4b77c1b1a6cf) tried to fire before cooldown finished or server is lagging? Remaining milliseconds: 78
[20Dec2024 00:05:53.817] [Server thread/WARN] [scguns/]: literal{Rebondrake5556}(6247ac24-69ce-3cb3-8456-4b77c1b1a6cf) tried to fire before cooldown finished or server is lagging? Remaining milliseconds: 245
[20Dec2024 00:05:54.046] [Server thread/WARN] [net.minecraft.world.entity.LivingEntity/]: Unable to add mob to team "zombie_" (that team probably doesn't exist)
[20Dec2024 00:05:54.444] [Server thread/WARN] [scguns/]: literal{Rebondrake5556}(6247ac24-69ce-3cb3-8456-4b77c1b1a6cf) tried to fire before cooldown finished or server is lagging? Remaining milliseconds: 243
[20Dec2024 00:05:55.409] [Server thread/WARN] [scguns/]: literal{Rebondrake5556}(6247ac24-69ce-3cb3-8456-4b77c1b1a6cf) tried to fire before cooldown finished or server is lagging? Remaining milliseconds: 77
[20Dec2024 00:05:56.181] [Server thread/WARN] [scguns/]: literal{Rebondrake5556}(6247ac24-69ce-3cb3-8456-4b77c1b1a6cf) tried to fire before cooldown finished or server is lagging? Remaining milliseconds: 244
[20Dec2024 00:05:56.185] [Server thread/WARN] [scguns/]: literal{Rebondrake5556}(6247ac24-69ce-3cb3-8456-4b77c1b1a6cf) tried to fire before cooldown finished or server is lagging? Remaining milliseconds: 240
[20Dec2024 00:05:56.843] [Server thread/WARN] [net.minecraft.world.entity.LivingEntity/]: Unable to add mob to team "zombie_" (that team probably doesn't exist)
[20Dec2024 00:05:56.845] [Server thread/WARN] [net.minecraft.world.entity.LivingEntity/]: Unable to add mob to team "zombie_" (that team probably doesn't exist)
[20Dec2024 00:05:56.846] [Server thread/WARN] [net.minecraft.world.entity.LivingEntity/]: Unable to add mob to team "zombie_" (that team probably doesn't exist)
[20Dec2024 00:05:56.848] [Server thread/WARN] [net.minecraft.world.entity.LivingEntity/]: Unable to add mob to team "zombie_" (that team probably doesn't exist)
[20Dec2024 00:05:56.849] [Server thread/WARN] [net.minecraft.world.entity.LivingEntity/]: Unable to add mob to team "zombie_" (that team probably doesn't exist)
[20Dec2024 00:05:56.850] [Server thread/WARN] [net.minecraft.world.entity.LivingEntity/]: Unable to add mob to team "zombie_" (that team probably doesn't exist)
[20Dec2024 00:05:56.852] [Server thread/WARN] [net.minecraft.world.entity.LivingEntity/]: Unable to add mob to team "zombie_" (that team probably doesn't exist)
[20Dec2024 00:05:56.853] [Server thread/WARN] [net.minecraft.world.entity.LivingEntity/]: Unable to add mob to team "zombie_" (that team probably doesn't exist)
[20Dec2024 00:05:56.855] [Server thread/WARN] [net.minecraft.world.entity.LivingEntity/]: Unable to add mob to team "zombie_" (that team probably doesn't exist)
[20Dec2024 00:05:57.161] [Server thread/WARN] [scguns/]: literal{Rebondrake5556}(6247ac24-69ce-3cb3-8456-4b77c1b1a6cf) tried to fire before cooldown finished or server is lagging? Remaining milliseconds: 243
[20Dec2024 00:05:58.280] [Server thread/WARN] [scguns/]: literal{Rebondrake5556}(6247ac24-69ce-3cb3-8456-4b77c1b1a6cf) tried to fire before cooldown finished or server is lagging? Remaining milliseconds: 246
[20Dec2024 00:05:59.713] [Server thread/WARN] [net.minecraft.world.entity.LivingEntity/]: Unable to add mob to team "zombie_" (that team probably doesn't exist)
[20Dec2024 00:06:01.656] [Server thread/WARN] [scguns/]: literal{Rebondrake5556}(6247ac24-69ce-3cb3-8456-4b77c1b1a6cf) tried to fire before cooldown finished or server is lagging? Remaining milliseconds: 243
[20Dec2024 00:06:01.692] [Server thread/WARN] [net.minecraft.world.entity.LivingEntity/]: Unable to add mob to team "zombie_" (that team probably doesn't exist)
[20Dec2024 00:06:02.129] [Server thread/WARN] [net.minecraft.world.entity.LivingEntity/]: Unable to add mob to team "zombie_" (that team probably doesn't exist)
[20Dec2024 00:06:02.131] [Server thread/WARN] [net.minecraft.world.entity.LivingEntity/]: Unable to add mob to team "zombie_" (that team probably doesn't exist)
[20Dec2024 00:06:02.132] [Server thread/WARN] [net.minecraft.world.entity.LivingEntity/]: Unable to add mob to team "zombie_" (that team probably doesn't exist)
[20Dec2024 00:06:02.133] [Server thread/WARN] [net.minecraft.world.entity.LivingEntity/]: Unable to add mob to team "zombie_" (that team probably doesn't exist)
[20Dec2024 00:06:02.134] [Server thread/WARN] [net.minecraft.world.entity.LivingEntity/]: Unable to add mob to team "zombie_" (that team probably doesn't exist)
[20Dec2024 00:06:02.135] [Server thread/WARN] [net.minecraft.world.entity.LivingEntity/]: Unable to add mob to team "zombie_" (that team probably doesn't exist)
[20Dec2024 00:06:02.136] [Server thread/WARN] [net.minecraft.world.entity.LivingEntity/]: Unable to add mob to team "zombie_" (that team probably doesn't exist)
[20Dec2024 00:06:02.137] [Server thread/WARN] [net.minecraft.world.entity.LivingEntity/]: Unable to add mob to team "zombie_" (that team probably doesn't exist)
[20Dec2024 00:06:04.059] [Server thread/WARN] [net.minecraft.world.entity.LivingEntity/]: Unable to add mob to team "zombie_" (that team probably doesn't exist)
[20Dec2024 00:06:07.231] [Server thread/WARN] [net.minecraft.world.entity.LivingEntity/]: Unable to add mob to team "zombie_" (that team probably doesn't exist)
[20Dec2024 00:06:08.295] [Server thread/WARN] [net.minecraft.world.entity.LivingEntity/]: Unable to add mob to team "zombie_" (that team probably doesn't exist)
[20Dec2024 00:06:08.296] [Server thread/WARN] [net.minecraft.world.entity.LivingEntity/]: Unable to add mob to team "zombie_" (that team probably doesn't exist)
[20Dec2024 00:06:08.297] [Server thread/WARN] [net.minecraft.world.entity.LivingEntity/]: Unable to add mob to team "zombie_" (that team probably doesn't exist)
[20Dec2024 00:06:08.298] [Server thread/WARN] [net.minecraft.world.entity.LivingEntity/]: Unable to add mob to team "zombie_" (that team probably doesn't exist)
[20Dec2024 00:06:08.300] [Server thread/WARN] [net.minecraft.world.entity.LivingEntity/]: Unable to add mob to team "zombie_" (that team probably doesn't exist)
[20Dec2024 00:06:08.301] [Server thread/WARN] [net.minecraft.world.entity.LivingEntity/]: Unable to add mob to team "zombie_" (that team probably doesn't exist)
[20Dec2024 00:06:08.302] [Server thread/WARN] [net.minecraft.world.entity.LivingEntity/]: Unable to add mob to team "zombie_" (that team probably doesn't exist)
[20Dec2024 00:06:08.303] [Server thread/WARN] [net.minecraft.world.entity.LivingEntity/]: Unable to add mob to team "zombie_" (that team probably doesn't exist)
[20Dec2024 00:06:10.363] [Server thread/WARN] [net.minecraft.world.entity.LivingEntity/]: Unable to add mob to team "zombie_" (that team probably doesn't exist)
[20Dec2024 00:06:13.990] [Server thread/WARN] [net.minecraft.world.entity.LivingEntity/]: Unable to add mob to team "zombie_" (that team probably doesn't exist)
[20Dec2024 00:06:13.992] [Server thread/WARN] [net.minecraft.world.entity.LivingEntity/]: Unable to add mob to team "zombie_" (that team probably doesn't exist)
[20Dec2024 00:06:13.993] [Server thread/WARN] [net.minecraft.world.entity.LivingEntity/]: Unable to add mob to team "zombie_" (that team probably doesn't exist)
[20Dec2024 00:06:13.994] [Server thread/WARN] [net.minecraft.world.entity.LivingEntity/]: Unable to add mob to team "zombie_" (that team probably doesn't exist)
[20Dec2024 00:06:13.995] [Server thread/WARN] [net.minecraft.world.entity.LivingEntity/]: Unable to add mob to team "zombie_" (that team probably doesn't exist)
[20Dec2024 00:06:13.996] [Server thread/WARN] [net.minecraft.world.entity.LivingEntity/]: Unable to add mob to team "zombie_" (that team probably doesn't exist)
[20Dec2024 00:06:13.997] [Server thread/WARN] [net.minecraft.world.entity.LivingEntity/]: Unable to add mob to team "zombie_" (that team probably doesn't exist)
[20Dec2024 00:06:13.998] [Server thread/WARN] [net.minecraft.world.entity.LivingEntity/]: Unable to add mob to team "zombie_" (that team probably doesn't exist)
[20Dec2024 00:06:14.404] [Server thread/WARN] [net.minecraft.world.entity.LivingEntity/]: Unable to add mob to team "zombie_" (that team probably doesn't exist)
[20Dec2024 00:06:15.367] [Server thread/WARN] [scguns/]: literal{Rebondrake5556}(6247ac24-69ce-3cb3-8456-4b77c1b1a6cf) tried to fire before cooldown finished or server is lagging? Remaining milliseconds: 246
[20Dec2024 00:06:17.520] [Server thread/WARN] [net.minecraft.world.entity.LivingEntity/]: Unable to add mob to team "zombie_" (that team probably doesn't exist)
[20Dec2024 00:06:19.532] [Server thread/WARN] [net.minecraft.world.entity.LivingEntity/]: Unable to add mob to team "zombie_" (that team probably doesn't exist)
[20Dec2024 00:06:19.534] [Server thread/WARN] [net.minecraft.world.entity.LivingEntity/]: Unable to add mob to team "zombie_" (that team probably doesn't exist)
[20Dec2024 00:06:19.535] [Server thread/WARN] [net.minecraft.world.entity.LivingEntity/]: Unable to add mob to team "zombie_" (that team probably doesn't exist)
[20Dec2024 00:06:19.536] [Server thread/WARN] [net.minecraft.world.entity.LivingEntity/]: Unable to add mob to team "zombie_" (that team probably doesn't exist)
[20Dec2024 00:06:19.537] [Server thread/WARN] [net.minecraft.world.entity.LivingEntity/]: Unable to add mob to team "zombie_" (that team probably doesn't exist)
[20Dec2024 00:06:19.538] [Server thread/WARN] [net.minecraft.world.entity.LivingEntity/]: Unable to add mob to team "zombie_" (that team probably doesn't exist)
[20Dec2024 00:06:19.539] [Server thread/WARN] [net.minecraft.world.entity.LivingEntity/]: Unable to add mob to team "zombie_" (that team probably doesn't exist)
[20Dec2024 00:06:19.540] [Server thread/WARN] [net.minecraft.world.entity.LivingEntity/]: Unable to add mob to team "zombie_" (that team probably doesn't exist)
[20Dec2024 00:06:19.541] [Server thread/WARN] [net.minecraft.world.entity.LivingEntity/]: Unable to add mob to team "zombie_" (that team probably doesn't exist)
[20Dec2024 00:06:19.542] [Server thread/WARN] [net.minecraft.world.entity.LivingEntity/]: Unable to add mob to team "zombie_" (that team probably doesn't exist)
[20Dec2024 00:06:21.571] [Server thread/WARN] [scguns/]: literal{Rebondrake5556}(6247ac24-69ce-3cb3-8456-4b77c1b1a6cf) tried to fire before cooldown finished or server is lagging? Remaining milliseconds: 246
[20Dec2024 00:06:22.277] [Server thread/WARN] [scguns/]: literal{Rebondrake5556}(6247ac24-69ce-3cb3-8456-4b77c1b1a6cf) tried to fire before cooldown finished or server is lagging? Remaining milliseconds: 246
[20Dec2024 00:06:24.073] [Server thread/WARN] [net.minecraft.world.entity.LivingEntity/]: Unable to add mob to team "zombie_" (that team probably doesn't exist)
[20Dec2024 00:06:26.366] [Server thread/WARN] [net.minecraft.world.entity.LivingEntity/]: Unable to add mob to team "zombie_" (that team probably doesn't exist)
[20Dec2024 00:06:26.367] [Server thread/WARN] [net.minecraft.world.entity.LivingEntity/]: Unable to add mob to team "zombie_" (that team probably doesn't exist)
[20Dec2024 00:06:26.368] [Server thread/WARN] [net.minecraft.world.entity.LivingEntity/]: Unable to add mob to team "zombie_" (that team probably doesn't exist)
[20Dec2024 00:06:26.369] [Server thread/WARN] [net.minecraft.world.entity.LivingEntity/]: Unable to add mob to team "zombie_" (that team probably doesn't exist)
[20Dec2024 00:06:26.371] [Server thread/WARN] [net.minecraft.world.entity.LivingEntity/]: Unable to add mob to team "zombie_" (that team probably doesn't exist)
[20Dec2024 00:06:26.372] [Server thread/WARN] [net.minecraft.world.entity.LivingEntity/]: Unable to add mob to team "zombie_" (that team probably doesn't exist)
[20Dec2024 00:06:26.373] [Server thread/WARN] [net.minecraft.world.entity.LivingEntity/]: Unable to add mob to team "zombie_" (that team probably doesn't exist)
[20Dec2024 00:06:26.374] [Server thread/WARN] [net.minecraft.world.entity.LivingEntity/]: Unable to add mob to team "zombie_" (that team probably doesn't exist)
[20Dec2024 00:06:26.375] [Server thread/WARN] [net.minecraft.world.entity.LivingEntity/]: Unable to add mob to team "zombie_" (that team probably doesn't exist)
[20Dec2024 00:06:27.571] [Server thread/WARN] [net.minecraft.world.entity.LivingEntity/]: Unable to add mob to team "zombie_" (that team probably doesn't exist)
[20Dec2024 00:06:34.005] [Server thread/WARN] [net.minecraft.world.entity.LivingEntity/]: Unable to add mob to team "zombie_" (that team probably doesn't exist)
[20Dec2024 00:06:34.007] [Server thread/WARN] [net.minecraft.world.entity.LivingEntity/]: Unable to add mob to team "zombie_" (that team probably doesn't exist)
[20Dec2024 00:06:34.008] [Server thread/WARN] [net.minecraft.world.entity.LivingEntity/]: Unable to add mob to team "zombie_" (that team probably doesn't exist)
[20Dec2024 00:06:34.009] [Server thread/WARN] [net.minecraft.world.entity.LivingEntity/]: Unable to add mob to team "zombie_" (that team probably doesn't exist)
[20Dec2024 00:06:34.010] [Server thread/WARN] [net.minecraft.world.entity.LivingEntity/]: Unable to add mob to team "zombie_" (that team probably doesn't exist)
[20Dec2024 00:06:34.011] [Server thread/WARN] [net.minecraft.world.entity.LivingEntity/]: Unable to add mob to team "zombie_" (that team probably doesn't exist)
[20Dec2024 00:06:34.012] [Server thread/WARN] [net.minecraft.world.entity.LivingEntity/]: Unable to add mob to team "zombie_" (that team probably doesn't exist)
[20Dec2024 00:06:34.013] [Server thread/WARN] [net.minecraft.world.entity.LivingEntity/]: Unable to add mob to team "zombie_" (that team probably doesn't exist)
[20Dec2024 00:06:34.014] [Server thread/WARN] [net.minecraft.world.entity.LivingEntity/]: Unable to add mob to team "zombie_" (that team probably doesn't exist)
[20Dec2024 00:06:34.016] [Server thread/WARN] [net.minecraft.world.entity.LivingEntity/]: Unable to add mob to team "zombie_" (that team probably doesn't exist)
[20Dec2024 00:06:35.577] [Server thread/WARN] [net.minecraft.server.MinecraftServer/]: Can't keep up! Is the server overloaded? Running 59460ms or 1189 ticks behind
[20Dec2024 00:06:40.087] [Server thread/WARN] [net.minecraft.world.entity.LivingEntity/]: Unable to add mob to team "zombie_" (that team probably doesn't exist)
[20Dec2024 00:06:41.342] [Server thread/WARN] [net.minecraft.world.entity.LivingEntity/]: Unable to add mob to team "zombie_" (that team probably doesn't exist)
[20Dec2024 00:06:41.344] [Server thread/WARN] [net.minecraft.world.entity.LivingEntity/]: Unable to add mob to team "zombie_" (that team probably doesn't exist)
[20Dec2024 00:06:41.345] [Server thread/WARN] [net.minecraft.world.entity.LivingEntity/]: Unable to add mob to team "zombie_" (that team probably doesn't exist)
[20Dec2024 00:06:41.346] [Server thread/WARN] [net.minecraft.world.entity.LivingEntity/]: Unable to add mob to team "zombie_" (that team probably doesn't exist)
[20Dec2024 00:06:41.347] [Server thread/WARN] [net.minecraft.world.entity.LivingEntity/]: Unable to add mob to team "zombie_" (that team probably doesn't exist)
[20Dec2024 00:06:41.348] [Server thread/WARN] [net.minecraft.world.entity.LivingEntity/]: Unable to add mob to team "zombie_" (that team probably doesn't exist)
[20Dec2024 00:06:41.349] [Server thread/WARN] [net.minecraft.world.entity.LivingEntity/]: Unable to add mob to team "zombie_" (that team probably doesn't exist)
[20Dec2024 00:06:41.351] [Server thread/WARN] [net.minecraft.world.entity.LivingEntity/]: Unable to add mob to team "zombie_" (that team probably doesn't exist)
[20Dec2024 00:06:41.352] [Server thread/WARN] [net.minecraft.world.entity.LivingEntity/]: Unable to add mob to team "zombie_" (that team probably doesn't exist)
[20Dec2024 00:06:41.353] [Server thread/WARN] [net.minecraft.world.entity.LivingEntity/]: Unable to add mob to team "zombie_" (that team probably doesn't exist)
[20Dec2024 00:06:41.354] [Server thread/WARN] [net.minecraft.world.entity.LivingEntity/]: Unable to add mob to team "zombie_" (that team probably doesn't exist)
[20Dec2024 00:06:41.355] [Server thread/WARN] [net.minecraft.world.entity.LivingEntity/]: Unable to add mob to team "zombie_" (that team probably doesn't exist)
[20Dec2024 00:06:44.117] [Server thread/WARN] [net.minecraft.world.entity.LivingEntity/]: Unable to add mob to team "zombie_" (that team probably doesn't exist)
[20Dec2024 00:06:49.000] [Server thread/WARN] [net.minecraft.world.entity.LivingEntity/]: Unable to add mob to team "zombie_" (that team probably doesn't exist)
[20Dec2024 00:06:49.001] [Server thread/WARN] [net.minecraft.world.entity.LivingEntity/]: Unable to add mob to team "zombie_" (that team probably doesn't exist)
[20Dec2024 00:06:49.002] [Server thread/WARN] [net.minecraft.world.entity.LivingEntity/]: Unable to add mob to team "zombie_" (that team probably doesn't exist)
[20Dec2024 00:06:49.004] [Server thread/WARN] [net.minecraft.world.entity.LivingEntity/]: Unable to add mob to team "zombie_" (that team probably doesn't exist)
[20Dec2024 00:06:49.005] [Server thread/WARN] [net.minecraft.world.entity.LivingEntity/]: Unable to add mob to team "zombie_" (that team probably doesn't exist)
[20Dec2024 00:06:49.006] [Server thread/WARN] [net.minecraft.world.entity.LivingEntity/]: Unable to add mob to team "zombie_" (that team probably doesn't exist)
[20Dec2024 00:06:49.007] [Server thread/WARN] [net.minecraft.world.entity.LivingEntity/]: Unable to add mob to team "zombie_" (that team probably doesn't exist)
[20Dec2024 00:06:49.008] [Server thread/WARN] [net.minecraft.world.entity.LivingEntity/]: Unable to add mob to team "zombie_" (that team probably doesn't exist)
[20Dec2024 00:06:49.009] [Server thread/WARN] [net.minecraft.world.entity.LivingEntity/]: Unable to add mob to team "zombie_" (that team probably doesn't exist)
[20Dec2024 00:06:50.037] [Server thread/WARN] [net.minecraft.world.entity.LivingEntity/]: Unable to add mob to team "zombie_" (that team probably doesn't exist)
[20Dec2024 00:06:56.912] [Server thread/WARN] [net.minecraft.world.entity.LivingEntity/]: Unable to add mob to team "zombie_" (that team probably doesn't exist)
[20Dec2024 00:06:56.913] [Server thread/WARN] [net.minecraft.world.entity.LivingEntity/]: Unable to add mob to team "zombie_" (that team probably doesn't exist)
[20Dec2024 00:06:56.914] [Server thread/WARN] [net.minecraft.world.entity.LivingEntity/]: Unable to add mob to team "zombie_" (that team probably doesn't exist)
[20Dec2024 00:06:56.916] [Server thread/WARN] [net.minecraft.world.entity.LivingEntity/]: Unable to add mob to team "zombie_" (that team probably doesn't exist)
[20Dec2024 00:06:56.917] [Server thread/WARN] [net.minecraft.world.entity.LivingEntity/]: Unable to add mob to team "zombie_" (that team probably doesn't exist)
[20Dec2024 00:06:56.918] [Server thread/WARN] [net.minecraft.world.entity.LivingEntity/]: Unable to add mob to team "zombie_" (that team probably doesn't exist)
[20Dec2024 00:06:56.919] [Server thread/WARN] [net.minecraft.world.entity.LivingEntity/]: Unable to add mob to team "zombie_" (that team probably doesn't exist)
[20Dec2024 00:06:56.920] [Server thread/WARN] [net.minecraft.world.entity.LivingEntity/]: Unable to add mob to team "zombie_" (that team probably doesn't exist)
[20Dec2024 00:06:56.921] [Server thread/WARN] [net.minecraft.world.entity.LivingEntity/]: Unable to add mob to team "zombie_" (that team probably doesn't exist)
[20Dec2024 00:07:01.745] [Server thread/INFO] [net.minecraft.server.MinecraftServer/]: [Rebondrake5556: The difficulty has been set to Peaceful]
[20Dec2024 00:07:04.152] [Server thread/WARN] [net.minecraft.server.MinecraftServer/]: Can't keep up! Is the server overloaded? Running 13585ms or 271 ticks behind
[20Dec2024 00:07:12.927] [Server thread/INFO] [net.minecraft.server.MinecraftServer/]: [Rebondrake5556: Set own game mode to Spectator Mode]
[20Dec2024 00:07:32.126] [Server thread/INFO] [hordes/]: Adding entry HordeSpawnEntry[type=entity.minecraft.zombie,weight=35,minDay=0,maxDay=20] to hordespawn on day 10
[20Dec2024 00:07:32.126] [Server thread/INFO] [hordes/]: Adding entry HordeSpawnEntry[type=entity.minecraft.zombie_villager,weight=1,minDay=0,maxDay=20] to hordespawn on day 10
[20Dec2024 00:07:32.172] [Server thread/WARN] [net.minecraft.world.entity.LivingEntity/]: Unable to add mob to team "zombie_" (that team probably doesn't exist)
[20Dec2024 00:07:32.173] [Server thread/WARN] [net.minecraft.world.entity.LivingEntity/]: Unable to add mob to team "zombie_" (that team probably doesn't exist)
[20Dec2024 00:07:57.182] [Server thread/INFO] [net.minecraft.server.MinecraftServer/]: [Rebondrake5556: The difficulty has been set to Hard]
[20Dec2024 00:08:22.125] [Server thread/INFO] [hordes/]: Adding entry HordeSpawnEntry[type=entity.minecraft.zombie,weight=35,minDay=0,maxDay=20] to hordespawn on day 10
[20Dec2024 00:08:22.125] [Server thread/INFO] [hordes/]: Adding entry HordeSpawnEntry[type=entity.minecraft.zombie_villager,weight=1,minDay=0,maxDay=20] to hordespawn on day 10
[20Dec2024 00:08:22.171] [Server thread/WARN] [net.minecraft.world.entity.LivingEntity/]: Unable to add mob to team "zombie_" (that team probably doesn't exist)
[20Dec2024 00:08:22.172] [Server thread/WARN] [net.minecraft.world.entity.LivingEntity/]: Unable to add mob to team "zombie_" (that team probably doesn't exist)
[20Dec2024 00:08:22.173] [Server thread/WARN] [net.minecraft.world.entity.LivingEntity/]: Unable to add mob to team "zombie_" (that team probably doesn't exist)
[20Dec2024 00:09:12.125] [Server thread/INFO] [hordes/]: Adding entry HordeSpawnEntry[type=entity.minecraft.zombie,weight=35,minDay=0,maxDay=20] to hordespawn on day 10
[20Dec2024 00:09:12.125] [Server thread/INFO] [hordes/]: Adding entry HordeSpawnEntry[type=entity.minecraft.zombie_villager,weight=1,minDay=0,maxDay=20] to hordespawn on day 10
[20Dec2024 00:09:12.174] [Server thread/WARN] [net.minecraft.world.entity.LivingEntity/]: Unable to add mob to team "zombie_" (that team probably doesn't exist)
[20Dec2024 00:09:12.175] [Server thread/WARN] [net.minecraft.world.entity.LivingEntity/]: Unable to add mob to team "zombie_" (that team probably doesn't exist)
[20Dec2024 00:09:28.241] [Server thread/INFO] [net.minecraft.server.MinecraftServer/]: [Rebondrake5556: Set own game mode to Creative Mode]
[20Dec2024 00:10:02.127] [Server thread/INFO] [hordes/]: Adding entry HordeSpawnEntry[type=entity.minecraft.zombie,weight=35,minDay=0,maxDay=20] to hordespawn on day 10
[20Dec2024 00:10:02.127] [Server thread/INFO] [hordes/]: Adding entry HordeSpawnEntry[type=entity.minecraft.zombie_villager,weight=1,minDay=0,maxDay=20] to hordespawn on day 10
[20Dec2024 00:10:02.173] [Server thread/WARN] [net.minecraft.world.entity.LivingEntity/]: Unable to add mob to team "zombie_" (that team probably doesn't exist)
[20Dec2024 00:10:02.174] [Server thread/WARN] [net.minecraft.world.entity.LivingEntity/]: Unable to add mob to team "zombie_" (that team probably doesn't exist)
[20Dec2024 00:10:02.175] [Server thread/WARN] [net.minecraft.world.entity.LivingEntity/]: Unable to add mob to team "zombie_" (that team probably doesn't exist)
[20Dec2024 00:13:35.726] [Server thread/INFO] [net.minecraft.server.network.ServerLoginPacketListenerImpl/]: com.mojang.authlib.GameProfile@3d31c24e[id=<null>,name=ClinicaSanPablo,properties={},legacy=false] (/127.26.29.228:56413) lost connection: Disconnected
[20Dec2024 00:13:47.386] [Server thread/INFO] [net.minecraft.server.MinecraftServer/]: [Rebondrake5556: Teleported Rebondrake5556 to 0.500000, 0.000000, 0.500000]
[20Dec2024 00:13:47.387] [Server thread/INFO] [Easy NPC/]: Define custom server-side data for Humanoid['Humanoid'/207998, l='ServerLevel[World]', x=0.00, y=0.00, z=0.00] ...
[20Dec2024 00:13:47.388] [Server thread/INFO] [Easy NPC/]: Register default handler for Humanoid['Humanoid'/207998, l='ServerLevel[World]', x=0.00, y=0.00, z=0.00] with variant STEVE ...
[20Dec2024 00:13:47.388] [Server thread/INFO] [Easy NPC/]: Easy NPC Data version 3 for Humanoid['Endermandrow TSI'/207998, l='ServerLevel[World]', x=17.50, y=65.00, z=-15.50].
[20Dec2024 00:13:47.389] [Server thread/INFO] [Easy NPC/]: Loading trading offers [net.minecraft.world.item.trading.MerchantOffer@5c6761ec] for Humanoid['Endermandrow TSI'/207998, l='ServerLevel[World]', x=17.50, y=65.00, z=-15.50]
[20Dec2024 00:13:47.570] [Server thread/INFO] [Easy NPC/]: Define custom server-side data for Humanoid['Humanoid'/208043, l='ServerLevel[World]', x=0.00, y=0.00, z=0.00] ...
[20Dec2024 00:13:47.571] [Server thread/INFO] [Easy NPC/]: Register default handler for Humanoid['Humanoid'/208043, l='ServerLevel[World]', x=0.00, y=0.00, z=0.00] with variant STEVE ...
[20Dec2024 00:13:47.571] [Server thread/INFO] [Easy NPC/]: Easy NPC Data version 3 for Humanoid['Kisu'/208043, l='ServerLevel[World]', x=15.50, y=65.00, z=-17.50].
[20Dec2024 00:13:47.571] [Server thread/INFO] [Easy NPC/]: Loading trading offers [net.minecraft.world.item.trading.MerchantOffer@4597782a, net.minecraft.world.item.trading.MerchantOffer@64a2efe0, net.minecraft.world.item.trading.MerchantOffer@10789e1c, net.minecraft.world.item.trading.MerchantOffer@487b66d0] for Humanoid['Kisu'/208043, l='ServerLevel[World]', x=15.50, y=65.00, z=-17.50]
[20Dec2024 00:13:48.973] [Server thread/WARN] [net.minecraft.world.entity.LivingEntity/]: Unable to add mob to team "zombie_" (that team probably doesn't exist)
[20Dec2024 00:14:59.570] [Server thread/INFO] [net.minecraft.server.players.PlayerList/]: ClinicaSanPablo[/127.26.29.228:35493] logged in with entity id 208736 at (2500.8471492095223, 105.5, -4356.879392296896)
[20Dec2024 00:14:59.583] [Server thread/INFO] [net.minecraft.server.MinecraftServer/]: ClinicaSanPablo joined the game
[20Dec2024 00:16:59.973] [Server thread/WARN] [net.minecraft.world.entity.LivingEntity/]: Unable to add mob to team "zombie_" (that team probably doesn't exist)
[20Dec2024 00:16:59.974] [Server thread/WARN] [net.minecraft.world.entity.LivingEntity/]: Unable to add mob to team "zombie_" (that team probably doesn't exist)
[20Dec2024 00:16:59.976] [Server thread/WARN] [net.minecraft.world.entity.LivingEntity/]: Unable to add mob to team "zombie_" (that team probably doesn't exist)
[20Dec2024 00:17:00.974] [Server thread/WARN] [net.minecraft.world.entity.LivingEntity/]: Unable to add mob to team "zombie_" (that team probably doesn't exist)
[20Dec2024 00:17:00.975] [Server thread/WARN] [net.minecraft.world.entity.LivingEntity/]: Unable to add mob to team "zombie_" (that team probably doesn't exist)
[20Dec2024 00:17:00.976] [Server thread/WARN] [net.minecraft.world.entity.LivingEntity/]: Unable to add mob to team "zombie_" (that team probably doesn't exist)
[20Dec2024 00:17:01.978] [Server thread/WARN] [net.minecraft.world.entity.LivingEntity/]: Unable to add mob to team "zombie_" (that team probably doesn't exist)
[20Dec2024 00:17:01.979] [Server thread/WARN] [net.minecraft.world.entity.LivingEntity/]: Unable to add mob to team "zombie_" (that team probably doesn't exist)
[20Dec2024 00:17:01.980] [Server thread/WARN] [net.minecraft.world.entity.LivingEntity/]: Unable to add mob to team "zombie_" (that team probably doesn't exist)
[20Dec2024 00:17:02.975] [Server thread/WARN] [net.minecraft.world.entity.LivingEntity/]: Unable to add mob to team "zombie_" (that team probably doesn't exist)
[20Dec2024 00:17:02.976] [Server thread/WARN] [net.minecraft.world.entity.LivingEntity/]: Unable to add mob to team "zombie_" (that team probably doesn't exist)
[20Dec2024 00:17:02.977] [Server thread/WARN] [net.minecraft.world.entity.LivingEntity/]: Unable to add mob to team "zombie_" (that team probably doesn't exist)
[20Dec2024 00:17:03.975] [Server thread/WARN] [net.minecraft.world.entity.LivingEntity/]: Unable to add mob to team "zombie_" (that team probably doesn't exist)
[20Dec2024 00:17:03.976] [Server thread/WARN] [net.minecraft.world.entity.LivingEntity/]: Unable to add mob to team "zombie_" (that team probably doesn't exist)
[20Dec2024 00:17:03.977] [Server thread/WARN] [net.minecraft.world.entity.LivingEntity/]: Unable to add mob to team "zombie_" (that team probably doesn't exist)
[20Dec2024 00:17:04.978] [Server thread/WARN] [net.minecraft.world.entity.LivingEntity/]: Unable to add mob to team "zombie_" (that team probably doesn't exist)
[20Dec2024 00:17:04.980] [Server thread/WARN] [net.minecraft.world.entity.LivingEntity/]: Unable to add mob to team "zombie_" (that team probably doesn't exist)
[20Dec2024 00:17:04.980] [Server thread/WARN] [net.minecraft.world.entity.LivingEntity/]: Unable to add mob to team "zombie_" (that team probably doesn't exist)
[20Dec2024 00:17:05.979] [Server thread/WARN] [net.minecraft.world.entity.LivingEntity/]: Unable to add mob to team "zombie_" (that team probably doesn't exist)
[20Dec2024 00:17:05.981] [Server thread/WARN] [net.minecraft.world.entity.LivingEntity/]: Unable to add mob to team "zombie_" (that team probably doesn't exist)
[20Dec2024 00:17:05.983] [Server thread/WARN] [net.minecraft.world.entity.LivingEntity/]: Unable to add mob to team "zombie_" (that team probably doesn't exist)
[20Dec2024 00:17:06.977] [Server thread/WARN] [net.minecraft.world.entity.LivingEntity/]: Unable to add mob to team "zombie_" (that team probably doesn't exist)
[20Dec2024 00:17:06.978] [Server thread/WARN] [net.minecraft.world.entity.LivingEntity/]: Unable to add mob to team "zombie_" (that team probably doesn't exist)
[20Dec2024 00:17:06.978] [Server thread/WARN] [net.minecraft.world.entity.LivingEntity/]: Unable to add mob to team "zombie_" (that team probably doesn't exist)
[20Dec2024 00:17:07.977] [Server thread/WARN] [net.minecraft.world.entity.LivingEntity/]: Unable to add mob to team "zombie_" (that team probably doesn't exist)
[20Dec2024 00:17:07.977] [Server thread/WARN] [net.minecraft.world.entity.LivingEntity/]: Unable to add mob to team "zombie_" (that team probably doesn't exist)
[20Dec2024 00:17:07.978] [Server thread/WARN] [net.minecraft.world.entity.LivingEntity/]: Unable to add mob to team "zombie_" (that team probably doesn't exist)
[20Dec2024 00:17:08.978] [Server thread/WARN] [net.minecraft.world.entity.LivingEntity/]: Unable to add mob to team "zombie_" (that team probably doesn't exist)
[20Dec2024 00:17:08.978] [Server thread/WARN] [net.minecraft.world.entity.LivingEntity/]: Unable to add mob to team "zombie_" (that team probably doesn't exist)
[20Dec2024 00:17:08.979] [Server thread/WARN] [net.minecraft.world.entity.LivingEntity/]: Unable to add mob to team "zombie_" (that team probably doesn't exist)
[20Dec2024 00:17:09.978] [Server thread/WARN] [net.minecraft.world.entity.LivingEntity/]: Unable to add mob to team "zombie_" (that team probably doesn't exist)
[20Dec2024 00:17:09.979] [Server thread/WARN] [net.minecraft.world.entity.LivingEntity/]: Unable to add mob to team "zombie_" (that team probably doesn't exist)
[20Dec2024 00:17:09.980] [Server thread/WARN] [net.minecraft.world.entity.LivingEntity/]: Unable to add mob to team "zombie_" (that team probably doesn't exist)
[20Dec2024 00:17:09.981] [Server thread/WARN] [net.minecraft.world.entity.LivingEntity/]: Unable to add mob to team "zombie_" (that team probably doesn't exist)
[20Dec2024 00:17:10.979] [Server thread/WARN] [net.minecraft.world.entity.LivingEntity/]: Unable to add mob to team "zombie_" (that team probably doesn't exist)
[20Dec2024 00:17:10.980] [Server thread/WARN] [net.minecraft.world.entity.LivingEntity/]: Unable to add mob to team "zombie_" (that team probably doesn't exist)
[20Dec2024 00:17:10.981] [Server thread/WARN] [net.minecraft.world.entity.LivingEntity/]: Unable to add mob to team "zombie_" (that team probably doesn't exist)
[20Dec2024 00:17:11.980] [Server thread/WARN] [net.minecraft.world.entity.LivingEntity/]: Unable to add mob to team "zombie_" (that team probably doesn't exist)
[20Dec2024 00:17:11.981] [Server thread/WARN] [net.minecraft.world.entity.LivingEntity/]: Unable to add mob to team "zombie_" (that team probably doesn't exist)
[20Dec2024 00:17:11.981] [Server thread/WARN] [net.minecraft.world.entity.LivingEntity/]: Unable to add mob to team "zombie_" (that team probably doesn't exist)
[20Dec2024 00:17:12.980] [Server thread/WARN] [net.minecraft.world.entity.LivingEntity/]: Unable to add mob to team "zombie_" (that team probably doesn't exist)
[20Dec2024 00:17:12.982] [Server thread/WARN] [net.minecraft.world.entity.LivingEntity/]: Unable to add mob to team "zombie_" (that team probably doesn't exist)
[20Dec2024 00:17:12.983] [Server thread/WARN] [net.minecraft.world.entity.LivingEntity/]: Unable to add mob to team "zombie_" (that team probably doesn't exist)
[20Dec2024 00:17:12.984] [Server thread/WARN] [net.minecraft.world.entity.LivingEntity/]: Unable to add mob to team "zombie_" (that team probably doesn't exist)
[20Dec2024 00:17:13.995] [Server thread/WARN] [net.minecraft.world.entity.LivingEntity/]: Unable to add mob to team "zombie_" (that team probably doesn't exist)
[20Dec2024 00:17:13.997] [Server thread/WARN] [net.minecraft.world.entity.LivingEntity/]: Unable to add mob to team "zombie_" (that team probably doesn't exist)
[20Dec2024 00:17:13.998] [Server thread/WARN] [net.minecraft.world.entity.LivingEntity/]: Unable to add mob to team "zombie_" (that team probably doesn't exist)
[20Dec2024 00:17:15.008] [Server thread/WARN] [net.minecraft.world.entity.LivingEntity/]: Unable to add mob to team "zombie_" (that team probably doesn't exist)
[20Dec2024 00:17:15.009] [Server thread/WARN] [net.minecraft.world.entity.LivingEntity/]: Unable to add mob to team "zombie_" (that team probably doesn't exist)
[20Dec2024 00:17:15.010] [Server thread/WARN] [net.minecraft.world.entity.LivingEntity/]: Unable to add mob to team "zombie_" (that team probably doesn't exist)
[20Dec2024 00:17:15.981] [Server thread/WARN] [net.minecraft.world.entity.LivingEntity/]: Unable to add mob to team "zombie_" (that team probably doesn't exist)
[20Dec2024 00:17:15.982] [Server thread/WARN] [net.minecraft.world.entity.LivingEntity/]: Unable to add mob to team "zombie_" (that team probably doesn't exist)
[20Dec2024 00:17:15.982] [Server thread/WARN] [net.minecraft.world.entity.LivingEntity/]: Unable to add mob to team "zombie_" (that team probably doesn't exist)
[20Dec2024 00:17:17.029] [Server thread/WARN] [net.minecraft.world.entity.LivingEntity/]: Unable to add mob to team "zombie_" (that team probably doesn't exist)
[20Dec2024 00:17:17.030] [Server thread/WARN] [net.minecraft.world.entity.LivingEntity/]: Unable to add mob to team "zombie_" (that team probably doesn't exist)
[20Dec2024 00:17:18.006] [Server thread/WARN] [net.minecraft.world.entity.LivingEntity/]: Unable to add mob to team "zombie_" (that team probably doesn't exist)
[20Dec2024 00:17:18.007] [Server thread/WARN] [net.minecraft.world.entity.LivingEntity/]: Unable to add mob to team "zombie_" (that team probably doesn't exist)
[20Dec2024 00:17:19.009] [Server thread/WARN] [net.minecraft.world.entity.LivingEntity/]: Unable to add mob to team "zombie_" (that team probably doesn't exist)
[20Dec2024 00:17:19.010] [Server thread/WARN] [net.minecraft.world.entity.LivingEntity/]: Unable to add mob to team "zombie_" (that team probably doesn't exist)
[20Dec2024 00:17:19.010] [Server thread/WARN] [net.minecraft.world.entity.LivingEntity/]: Unable to add mob to team "zombie_" (that team probably doesn't exist)
[20Dec2024 00:17:19.674] [ForkJoinPool.commonPool-worker-44/INFO] [net.minecraft.server.MinecraftServer/]: <Rebondrake5556> Drop en31 67 -18
[20Dec2024 00:17:20.095] [Server thread/WARN] [net.minecraft.world.entity.LivingEntity/]: Unable to add mob to team "zombie_" (that team probably doesn't exist)
[20Dec2024 00:17:20.097] [Server thread/WARN] [net.minecraft.world.entity.LivingEntity/]: Unable to add mob to team "zombie_" (that team probably doesn't exist)
[20Dec2024 00:17:21.459] [Server thread/WARN] [net.minecraft.world.entity.LivingEntity/]: Unable to add mob to team "zombie_" (that team probably doesn't exist)
[20Dec2024 00:17:21.461] [Server thread/WARN] [net.minecraft.world.entity.LivingEntity/]: Unable to add mob to team "zombie_" (that team probably doesn't exist)
[20Dec2024 00:17:22.609] [Server thread/WARN] [net.minecraft.world.entity.LivingEntity/]: Unable to add mob to team "zombie_" (that team probably doesn't exist)
[20Dec2024 00:17:22.609] [Server thread/WARN] [net.minecraft.world.entity.LivingEntity/]: Unable to add mob to team "zombie_" (that team probably doesn't exist)
[20Dec2024 00:17:23.727] [Server thread/WARN] [net.minecraft.world.entity.LivingEntity/]: Unable to add mob to team "zombie_" (that team probably doesn't exist)
[20Dec2024 00:17:23.728] [Server thread/WARN] [net.minecraft.world.entity.LivingEntity/]: Unable to add mob to team "zombie_" (that team probably doesn't exist)
[20Dec2024 00:17:24.902] [Server thread/WARN] [net.minecraft.world.entity.LivingEntity/]: Unable to add mob to team "zombie_" (that team probably doesn't exist)
[20Dec2024 00:17:24.903] [Server thread/WARN] [net.minecraft.world.entity.LivingEntity/]: Unable to add mob to team "zombie_" (that team probably doesn't exist)
[20Dec2024 00:17:26.149] [Server thread/WARN] [net.minecraft.world.entity.LivingEntity/]: Unable to add mob to team "zombie_" (that team probably doesn't exist)
[20Dec2024 00:17:26.150] [Server thread/WARN] [net.minecraft.world.entity.LivingEntity/]: Unable to add mob to team "zombie_" (that team probably doesn't exist)
[20Dec2024 00:17:27.728] [Server thread/WARN] [net.minecraft.world.entity.LivingEntity/]: Unable to add mob to team "zombie_" (that team probably doesn't exist)
[20Dec2024 00:17:27.730] [Server thread/WARN] [net.minecraft.world.entity.LivingEntity/]: Unable to add mob to team "zombie_" (that team probably doesn't exist)
[20Dec2024 00:17:28.928] [Server thread/WARN] [net.minecraft.server.MinecraftServer/]: Can't keep up! Is the server overloaded? Running 2011ms or 40 ticks behind
[20Dec2024 00:17:29.019] [Server thread/WARN] [net.minecraft.world.entity.LivingEntity/]: Unable to add mob to team "zombie_" (that team probably doesn't exist)
[20Dec2024 00:17:29.020] [Server thread/WARN] [net.minecraft.world.entity.LivingEntity/]: Unable to add mob to team "zombie_" (that team probably doesn't exist)
[20Dec2024 00:17:29.207] [Server thread/INFO] [net.minecraft.server.MinecraftServer/]: [Rebondrake5556: Set own game mode to Spectator Mode]
[20Dec2024 00:17:30.320] [Server thread/WARN] [net.minecraft.world.entity.LivingEntity/]: Unable to add mob to team "zombie_" (that team probably doesn't exist)
[20Dec2024 00:17:30.321] [Server thread/WARN] [net.minecraft.world.entity.LivingEntity/]: Unable to add mob to team "zombie_" (that team probably doesn't exist)
[20Dec2024 00:17:31.863] [Server thread/WARN] [net.minecraft.world.entity.LivingEntity/]: Unable to add mob to team "zombie_" (that team probably doesn't exist)
[20Dec2024 00:17:31.864] [Server thread/WARN] [net.minecraft.world.entity.LivingEntity/]: Unable to add mob to team "zombie_" (that team probably doesn't exist)
[20Dec2024 00:17:33.518] [Server thread/WARN] [net.minecraft.world.entity.LivingEntity/]: Unable to add mob to team "zombie_" (that team probably doesn't exist)
[20Dec2024 00:17:33.520] [Server thread/WARN] [net.minecraft.world.entity.LivingEntity/]: Unable to add mob to team "zombie_" (that team probably doesn't exist)
[20Dec2024 00:17:35.060] [Server thread/WARN] [net.minecraft.world.entity.LivingEntity/]: Unable to add mob to team "zombie_" (that team probably doesn't exist)
[20Dec2024 00:17:35.061] [Server thread/WARN] [net.minecraft.world.entity.LivingEntity/]: Unable to add mob to team "zombie_" (that team probably doesn't exist)
[20Dec2024 00:17:36.659] [Server thread/WARN] [net.minecraft.world.entity.LivingEntity/]: Unable to add mob to team "zombie_" (that team probably doesn't exist)
[20Dec2024 00:17:38.312] [Server thread/WARN] [net.minecraft.world.entity.LivingEntity/]: Unable to add mob to team "zombie_" (that team probably doesn't exist)
[20Dec2024 00:17:38.314] [Server thread/WARN] [net.minecraft.world.entity.LivingEntity/]: Unable to add mob to team "zombie_" (that team probably doesn't exist)
[20Dec2024 00:17:40.134] [Server thread/WARN] [net.minecraft.world.entity.LivingEntity/]: Unable to add mob to team "zombie_" (that team probably doesn't exist)
[20Dec2024 00:17:40.135] [Server thread/WARN] [net.minecraft.world.entity.LivingEntity/]: Unable to add mob to team "zombie_" (that team probably doesn't exist)
[20Dec2024 00:17:41.873] [Server thread/WARN] [net.minecraft.world.entity.LivingEntity/]: Unable to add mob to team "zombie_" (that team probably doesn't exist)
[20Dec2024 00:17:41.874] [Server thread/WARN] [net.minecraft.world.entity.LivingEntity/]: Unable to add mob to team "zombie_" (that team probably doesn't exist)
[20Dec2024 00:17:43.571] [Server thread/WARN] [net.minecraft.world.entity.LivingEntity/]: Unable to add mob to team "zombie_" (that team probably doesn't exist)
[20Dec2024 00:17:45.371] [Server thread/WARN] [net.minecraft.world.entity.LivingEntity/]: Unable to add mob to team "zombie_" (that team probably doesn't exist)
[20Dec2024 00:17:45.373] [Server thread/WARN] [net.minecraft.world.entity.LivingEntity/]: Unable to add mob to team "zombie_" (that team probably doesn't exist)
[20Dec2024 00:17:47.367] [Server thread/WARN] [net.minecraft.world.entity.LivingEntity/]: Unable to add mob to team "zombie_" (that team probably doesn't exist)
[20Dec2024 00:17:49.215] [Server thread/WARN] [net.minecraft.world.entity.LivingEntity/]: Unable to add mob to team "zombie_" (that team probably doesn't exist)
[20Dec2024 00:17:49.216] [Server thread/WARN] [net.minecraft.world.entity.LivingEntity/]: Unable to add mob to team "zombie_" (that team probably doesn't exist)
[20Dec2024 00:17:51.017] [Server thread/WARN] [net.minecraft.world.entity.LivingEntity/]: Unable to add mob to team "zombie_" (that team probably doesn't exist)
[20Dec2024 00:17:53.241] [Server thread/WARN] [net.minecraft.world.entity.LivingEntity/]: Unable to add mob to team "zombie_" (that team probably doesn't exist)
[20Dec2024 00:17:54.987] [Server thread/WARN] [net.minecraft.server.MinecraftServer/]: Can't keep up! Is the server overloaded? Running 11070ms or 221 ticks behind
[20Dec2024 00:17:55.108] [Server thread/WARN] [net.minecraft.world.entity.LivingEntity/]: Unable to add mob to team "zombie_" (that team probably doesn't exist)
[20Dec2024 00:17:59.108] [Server thread/WARN] [net.minecraft.world.entity.LivingEntity/]: Unable to add mob to team "zombie_" (that team probably doesn't exist)
[20Dec2024 00:18:01.066] [Server thread/WARN] [net.minecraft.world.entity.LivingEntity/]: Unable to add mob to team "zombie_" (that team probably doesn't exist)
[20Dec2024 00:18:02.994] [Server thread/WARN] [net.minecraft.world.entity.LivingEntity/]: Unable to add mob to team "zombie_" (that team probably doesn't exist)
[20Dec2024 00:18:02.995] [Server thread/WARN] [net.minecraft.world.entity.LivingEntity/]: Unable to add mob to team "zombie_" (that team probably doesn't exist)
[20Dec2024 00:18:05.151] [Server thread/WARN] [net.minecraft.world.entity.LivingEntity/]: Unable to add mob to team "zombie_" (that team probably doesn't exist)
[20Dec2024 00:18:07.146] [Server thread/WARN] [net.minecraft.world.entity.LivingEntity/]: Unable to add mob to team "zombie_" (that team probably doesn't exist)
[20Dec2024 00:18:09.180] [Server thread/WARN] [net.minecraft.world.entity.LivingEntity/]: Unable to add mob to team "zombie_" (that team probably doesn't exist)
[20Dec2024 00:18:11.376] [Server thread/WARN] [net.minecraft.world.entity.LivingEntity/]: Unable to add mob to team "zombie_" (that team probably doesn't exist)
[20Dec2024 00:18:13.458] [Server thread/WARN] [net.minecraft.world.entity.LivingEntity/]: Unable to add mob to team "zombie_" (that team probably doesn't exist)
[20Dec2024 00:18:17.719] [Server thread/WARN] [net.minecraft.world.entity.LivingEntity/]: Unable to add mob to team "zombie_" (that team probably doesn't exist)
[20Dec2024 00:18:19.788] [Server thread/WARN] [net.minecraft.world.entity.LivingEntity/]: Unable to add mob to team "zombie_" (that team probably doesn't exist)
[20Dec2024 00:18:24.302] [Server thread/WARN] [net.minecraft.world.entity.LivingEntity/]: Unable to add mob to team "zombie_" (that team probably doesn't exist)
[20Dec2024 00:18:26.280] [Server thread/WARN] [net.minecraft.server.MinecraftServer/]: Can't keep up! Is the server overloaded? Running 16313ms or 326 ticks behind
[20Dec2024 00:18:28.672] [Server thread/WARN] [net.minecraft.world.entity.LivingEntity/]: Unable to add mob to team "zombie_" (that team probably doesn't exist)
[20Dec2024 00:18:29.504] [Server thread/WARN] [net.minecraft.server.network.ServerGamePacketListenerImpl/]: Large Plane (vehicle of ClinicaSanPablo) moved too quickly! -5.032356007359795,0.495192413377481,8.860080598069544
[20Dec2024 00:18:29.505] [Server thread/WARN] [net.minecraft.server.network.ServerGamePacketListenerImpl/]: Large Plane (vehicle of ClinicaSanPablo) moved too quickly! -5.5385733300313404,0.5412571356310423,9.75226770016161
[20Dec2024 00:18:29.506] [Server thread/WARN] [net.minecraft.server.network.ServerGamePacketListenerImpl/]: Large Plane (vehicle of ClinicaSanPablo) moved too quickly! -6.045348304322943,0.587710280893873,10.645633217207887
[20Dec2024 00:18:29.506] [Server thread/WARN] [net.minecraft.server.network.ServerGamePacketListenerImpl/]: Large Plane (vehicle of ClinicaSanPablo) moved too quickly! -6.5526334086735005,0.6347931778365137,11.540082596595767
[20Dec2024 00:18:29.507] [Server thread/WARN] [net.minecraft.server.network.ServerGamePacketListenerImpl/]: Large Plane (vehicle of ClinicaSanPablo) moved too quickly! -7.060382086795926,0.6826844176374038,12.435524539666403
[20Dec2024 00:18:29.510] [Server thread/WARN] [net.minecraft.server.network.ServerGamePacketListenerImpl/]: Large Plane (vehicle of ClinicaSanPablo) moved too quickly! -7.568549029289898,0.7315156773001945,13.331871376105482
[20Dec2024 00:18:29.511] [Server thread/WARN] [net.minecraft.server.network.ServerGamePacketListenerImpl/]: Large Plane (vehicle of ClinicaSanPablo) moved too quickly! -8.077090437582683,0.7813835579108286,14.229039268133874
[20Dec2024 00:18:29.512] [Server thread/WARN] [net.minecraft.server.network.ServerGamePacketListenerImpl/]: Large Plane (vehicle of ClinicaSanPablo) moved too quickly! -8.585964225434509,0.8323584294566899,15.126948301222
[20Dec2024 00:18:30.356] [Server thread/WARN] [net.minecraft.server.network.ServerGamePacketListenerImpl/]: Large Plane (vehicle of ClinicaSanPablo) moved too quickly! -5.0843713036920235,0.48580430206465053,8.969507647472255
[20Dec2024 00:18:30.377] [Server thread/WARN] [net.minecraft.server.network.ServerGamePacketListenerImpl/]: Large Plane (vehicle of ClinicaSanPablo) moved too quickly! -5.062104674929287,0.5928355131676426,8.93064514406251
[20Dec2024 00:18:32.351] [Server thread/WARN] [net.minecraft.world.entity.LivingEntity/]: Unable to add mob to team "zombie_" (that team probably doesn't exist)
[20Dec2024 00:18:32.352] [Server thread/WARN] [net.minecraft.world.entity.LivingEntity/]: Unable to add mob to team "zombie_" (that team probably doesn't exist)
[20Dec2024 00:18:34.839] [Server thread/WARN] [net.minecraft.world.entity.LivingEntity/]: Unable to add mob to team "zombie_" (that team probably doesn't exist)
[20Dec2024 00:18:37.105] [Server thread/WARN] [net.minecraft.world.entity.LivingEntity/]: Unable to add mob to team "zombie_" (that team probably doesn't exist)
[20Dec2024 00:18:39.256] [Server thread/WARN] [net.minecraft.world.entity.LivingEntity/]: Unable to add mob to team "zombie_" (that team probably doesn't exist)
[20Dec2024 00:18:41.641] [Server thread/WARN] [net.minecraft.world.entity.LivingEntity/]: Unable to add mob to team "zombie_" (that team probably doesn't exist)
[20Dec2024 00:18:44.066] [Server thread/WARN] [net.minecraft.world.entity.LivingEntity/]: Unable to add mob to team "zombie_" (that team probably doesn't exist)
[20Dec2024 00:18:46.271] [Server thread/WARN] [net.minecraft.world.entity.LivingEntity/]: Unable to add mob to team "zombie_" (that team probably doesn't exist)
[20Dec2024 00:18:48.512] [Server thread/WARN] [net.minecraft.world.entity.LivingEntity/]: Unable to add mob to team "zombie_" (that team probably doesn't exist)
[20Dec2024 00:18:51.016] [Server thread/WARN] [net.minecraft.world.entity.LivingEntity/]: Unable to add mob to team "zombie_" (that team probably doesn't exist)
[20Dec2024 00:18:51.018] [Server thread/WARN] [net.minecraft.world.entity.LivingEntity/]: Unable to add mob to team "zombie_" (that team probably doesn't exist)
[20Dec2024 00:18:53.250] [Server thread/WARN] [net.minecraft.world.entity.LivingEntity/]: Unable to add mob to team "zombie_" (that team probably doesn't exist)
[20Dec2024 00:18:55.794] [Server thread/WARN] [net.minecraft.world.entity.LivingEntity/]: Unable to add mob to team "zombie_" (that team probably doesn't exist)
[20Dec2024 00:18:58.085] [Server thread/WARN] [net.minecraft.world.entity.LivingEntity/]: Unable to add mob to team "zombie_" (that team probably doesn't exist)
[20Dec2024 00:18:58.085] [Server thread/WARN] [net.minecraft.world.entity.LivingEntity/]: Unable to add mob to team "zombie_" (that team probably doesn't exist)
[20Dec2024 00:19:00.382] [Server thread/WARN] [net.minecraft.world.entity.LivingEntity/]: Unable to add mob to team "zombie_" (that team probably doesn't exist)
[20Dec2024 00:19:02.689] [Server thread/WARN] [net.minecraft.server.MinecraftServer/]: Can't keep up! Is the server overloaded? Running 21422ms or 428 ticks behind
[20Dec2024 00:19:02.844] [Server thread/WARN] [net.minecraft.world.entity.LivingEntity/]: Unable to add mob to team "zombie_" (that team probably doesn't exist)
[20Dec2024 00:19:02.845] [Server thread/WARN] [net.minecraft.world.entity.LivingEntity/]: Unable to add mob to team "zombie_" (that team probably doesn't exist)
[20Dec2024 00:19:05.287] [Server thread/WARN] [net.minecraft.world.entity.LivingEntity/]: Unable to add mob to team "zombie_" (that team probably doesn't exist)
[20Dec2024 00:19:05.288] [Server thread/WARN] [net.minecraft.world.entity.LivingEntity/]: Unable to add mob to team "zombie_" (that team probably doesn't exist)
[20Dec2024 00:19:07.753] [Server thread/WARN] [net.minecraft.world.entity.LivingEntity/]: Unable to add mob to team "zombie_" (that team probably doesn't exist)
[20Dec2024 00:19:10.497] [Server thread/WARN] [net.minecraft.world.entity.LivingEntity/]: Unable to add mob to team "zombie_" (that team probably doesn't exist)
[20Dec2024 00:19:10.498] [Server thread/WARN] [net.minecraft.world.entity.LivingEntity/]: Unable to add mob to team "zombie_" (that team probably doesn't exist)
[20Dec2024 00:19:13.405] [Server thread/WARN] [net.minecraft.world.entity.LivingEntity/]: Unable to add mob to team "zombie_" (that team probably doesn't exist)
[20Dec2024 00:19:13.406] [Server thread/WARN] [net.minecraft.world.entity.LivingEntity/]: Unable to add mob to team "zombie_" (that team probably doesn't exist)
[20Dec2024 00:19:17.390] [Server thread/WARN] [net.minecraft.world.entity.LivingEntity/]: Unable to add mob to team "zombie_" (that team probably doesn't exist)
[20Dec2024 00:19:17.391] [Server thread/WARN] [net.minecraft.world.entity.LivingEntity/]: Unable to add mob to team "zombie_" (that team probably doesn't exist)
[20Dec2024 00:19:20.231] [Server thread/WARN] [net.minecraft.world.entity.LivingEntity/]: Unable to add mob to team "zombie_" (that team probably doesn't exist)
[20Dec2024 00:19:20.232] [Server thread/WARN] [net.minecraft.world.entity.LivingEntity/]: Unable to add mob to team "zombie_" (that team probably doesn't exist)
[20Dec2024 00:19:23.141] [Server thread/WARN] [net.minecraft.world.entity.LivingEntity/]: Unable to add mob to team "zombie_" (that team probably doesn't exist)
[20Dec2024 00:19:23.142] [Server thread/WARN] [net.minecraft.world.entity.LivingEntity/]: Unable to add mob to team "zombie_" (that team probably doesn't exist)
[20Dec2024 00:19:25.968] [Server thread/WARN] [net.minecraft.world.entity.LivingEntity/]: Unable to add mob to team "zombie_" (that team probably doesn't exist)
[20Dec2024 00:19:25.968] [Server thread/WARN] [net.minecraft.world.entity.LivingEntity/]: Unable to add mob to team "zombie_" (that team probably doesn't exist)
[20Dec2024 00:19:28.852] [Server thread/WARN] [net.minecraft.world.entity.LivingEntity/]: Unable to add mob to team "zombie_" (that team probably doesn't exist)
[20Dec2024 00:19:31.655] [Server thread/WARN] [net.minecraft.world.entity.LivingEntity/]: Unable to add mob to team "zombie_" (that team probably doesn't exist)
[20Dec2024 00:19:31.656] [Server thread/WARN] [net.minecraft.world.entity.LivingEntity/]: Unable to add mob to team "zombie_" (that team probably doesn't exist)
[20Dec2024 00:19:34.551] [Server thread/WARN] [net.minecraft.world.entity.LivingEntity/]: Unable to add mob to team "zombie_" (that team probably doesn't exist)
[20Dec2024 00:19:34.552] [Server thread/WARN] [net.minecraft.world.entity.LivingEntity/]: Unable to add mob to team "zombie_" (that team probably doesn't exist)
[20Dec2024 00:19:37.272] [Server thread/WARN] [net.minecraft.world.entity.LivingEntity/]: Unable to add mob to team "zombie_" (that team probably doesn't exist)
[20Dec2024 00:19:37.273] [Server thread/WARN] [net.minecraft.world.entity.LivingEntity/]: Unable to add mob to team "zombie_" (that team probably doesn't exist)
[20Dec2024 00:19:40.207] [Server thread/WARN] [net.minecraft.world.entity.LivingEntity/]: Unable to add mob to team "zombie_" (that team probably doesn't exist)
[20Dec2024 00:19:40.208] [Server thread/WARN] [net.minecraft.world.entity.LivingEntity/]: Unable to add mob to team "zombie_" (that team probably doesn't exist)
[20Dec2024 00:19:43.252] [Server thread/WARN] [net.minecraft.world.entity.LivingEntity/]: Unable to add mob to team "zombie_" (that team probably doesn't exist)
[20Dec2024 00:19:45.861] [Server thread/WARN] [net.minecraft.server.MinecraftServer/]: Can't keep up! Is the server overloaded? Running 28194ms or 563 ticks behind
[20Dec2024 00:19:46.066] [Server thread/WARN] [net.minecraft.world.entity.LivingEntity/]: Unable to add mob to team "zombie_" (that team probably doesn't exist)
[20Dec2024 00:19:51.982] [Server thread/WARN] [net.minecraft.world.entity.LivingEntity/]: Unable to add mob to team "zombie_" (that team probably doesn't exist)
[20Dec2024 00:19:54.743] [Server thread/WARN] [net.minecraft.world.entity.LivingEntity/]: Unable to add mob to team "zombie_" (that team probably doesn't exist)
[20Dec2024 00:19:57.617] [Server thread/WARN] [net.minecraft.world.entity.LivingEntity/]: Unable to add mob to team "zombie_" (that team probably doesn't exist)
[20Dec2024 00:20:00.604] [Server thread/WARN] [net.minecraft.world.entity.LivingEntity/]: Unable to add mob to team "zombie_" (that team probably doesn't exist)
[20Dec2024 00:20:02.566] [Server thread/INFO] [net.minecraft.server.MinecraftServer/]: [Rebondrake5556: Set own game mode to Creative Mode]
[20Dec2024 00:20:03.660] [Server thread/WARN] [net.minecraft.world.entity.LivingEntity/]: Unable to add mob to team "zombie_" (that team probably doesn't exist)
[20Dec2024 00:20:06.679] [Server thread/WARN] [net.minecraft.world.entity.LivingEntity/]: Unable to add mob to team "zombie_" (that team probably doesn't exist)
[20Dec2024 00:20:06.681] [Server thread/WARN] [net.minecraft.world.entity.LivingEntity/]: Unable to add mob to team "zombie_" (that team probably doesn't exist)
[20Dec2024 00:20:09.705] [Server thread/WARN] [net.minecraft.world.entity.LivingEntity/]: Unable to add mob to team "zombie_" (that team probably doesn't exist)
[20Dec2024 00:20:11.282] [Server thread/INFO] [net.minecraft.server.MinecraftServer/]: [Rebondrake5556: Set own game mode to Spectator Mode]
[20Dec2024 00:20:12.628] [Server thread/WARN] [net.minecraft.world.entity.LivingEntity/]: Unable to add mob to team "zombie_" (that team probably doesn't exist)
[20Dec2024 00:20:15.686] [Server thread/WARN] [net.minecraft.world.entity.LivingEntity/]: Unable to add mob to team "zombie_" (that team probably doesn't exist)
[20Dec2024 00:20:18.062] [Server thread/INFO] [net.minecraft.server.MinecraftServer/]: [Rebondrake5556: Set own game mode to Survival Mode]
[20Dec2024 00:20:18.496] [Server thread/WARN] [net.minecraft.world.entity.LivingEntity/]: Unable to add mob to team "zombie_" (that team probably doesn't exist)
[20Dec2024 00:20:19.346] [Server thread/INFO] [net.minecraft.server.MinecraftServer/]: [Rebondrake5556: Set own game mode to Creative Mode]
[20Dec2024 00:20:21.106] [Server thread/INFO] [net.minecraft.server.network.ServerGamePacketListenerImpl/]: Bandager17 lost connection: Timed out
[20Dec2024 00:20:21.107] [Server thread/INFO] [net.minecraft.server.MinecraftServer/]: Bandager17 left the game
[20Dec2024 00:20:21.834] [Server thread/INFO] [net.minecraft.server.MinecraftServer/]: [Rebondrake5556: Set own game mode to Spectator Mode]
[20Dec2024 00:20:22.405] [Server thread/WARN] [net.minecraft.server.MinecraftServer/]: Can't keep up! Is the server overloaded? Running 21588ms or 431 ticks behind
[20Dec2024 00:20:22.575] [Server thread/WARN] [net.minecraft.world.entity.LivingEntity/]: Unable to add mob to team "zombie_" (that team probably doesn't exist)
[20Dec2024 00:21:25.684] [Server thread/INFO] [net.minecraft.server.MinecraftServer/]: [Rebondrake5556: Set own game mode to Creative Mode]
[20Dec2024 00:21:31.742] [Server thread/INFO] [net.minecraft.server.players.PlayerList/]: Bandager17[/127.101.114.154:34307] logged in with entity id 215079 at (-1474.739920469929, 103.0, 2607.497105181568)
[20Dec2024 00:21:31.748] [Server thread/INFO] [net.minecraft.server.MinecraftServer/]: Bandager17 joined the game
[20Dec2024 00:21:39.882] [Server thread/INFO] [net.minecraft.server.MinecraftServer/]: [Rebondrake5556: Teleported ClinicaSanPablo to Rebondrake5556]
[20Dec2024 00:21:57.571] [Server thread/WARN] [net.minecraft.world.entity.LivingEntity/]: Unable to add mob to team "zombie_" (that team probably doesn't exist)
